[0.000000] (-) TimerEvent: {}
[0.000760] (rr_demo) JobQueued: {'identifier': 'rr_demo', 'dependencies': OrderedDict()}
[0.000992] (rr_description) JobQueued: {'identifier': 'rr_description', 'dependencies': OrderedDict()}
[0.001630] (rr_evgp) JobQueued: {'identifier': 'rr_evgp', 'dependencies': OrderedDict()}
[0.002380] (rr_iarrc) JobQueued: {'identifier': 'rr_iarrc', 'dependencies': OrderedDict()}
[0.002438] (rr_msgs) JobQueued: {'identifier': 'rr_msgs', 'dependencies': OrderedDict()}
[0.002473] (rr_rviz_plugins) JobQueued: {'identifier': 'rr_rviz_plugins', 'dependencies': OrderedDict()}
[0.003549] (rr_gazebo) JobQueued: {'identifier': 'rr_gazebo', 'dependencies': OrderedDict([('rr_msgs', '/home/isaac/roboracing_ws/src/roboracing-software/install/rr_msgs')])}
[0.003658] (rr_util) JobQueued: {'identifier': 'rr_util', 'dependencies': OrderedDict([('rr_msgs', '/home/isaac/roboracing_ws/src/roboracing-software/install/rr_msgs')])}
[0.003894] (rr_msgs) JobStarted: {'identifier': 'rr_msgs'}
[0.015919] (rr_demo) JobStarted: {'identifier': 'rr_demo'}
[0.020159] (rr_description) JobStarted: {'identifier': 'rr_description'}
[0.031136] (rr_evgp) JobStarted: {'identifier': 'rr_evgp'}
[0.035653] (rr_iarrc) JobStarted: {'identifier': 'rr_iarrc'}
[0.045592] (rr_rviz_plugins) JobStarted: {'identifier': 'rr_rviz_plugins'}
[0.053298] (rr_msgs) JobProgress: {'identifier': 'rr_msgs', 'progress': 'cmake'}
[0.053811] (rr_msgs) Command: {'cmd': ['/usr/bin/cmake', '/home/isaac/roboracing_ws/src/roboracing-software/rr_msgs', '-DCMAKE_INSTALL_PREFIX=/home/isaac/roboracing_ws/src/roboracing-software/install/rr_msgs'], 'cwd': '/home/isaac/roboracing_ws/src/roboracing-software/build/rr_msgs', 'env': OrderedDict([('GJS_DEBUG_TOPICS', 'JS ERROR;JS LOG'), ('LESSOPEN', '| /usr/bin/lesspipe %s'), ('USER', 'isaac'), ('XDG_SESSION_TYPE', 'x11'), ('SHLVL', '1'), ('LD_LIBRARY_PATH', '/usr/lib/x86_64-linux-gnu/gazebo-11/plugins:/opt/ros/humble/opt/rviz_ogre_vendor/lib:/opt/ros/humble/lib/x86_64-linux-gnu:/opt/ros/humble/lib'), ('HOME', '/home/isaac'), ('CONDA_SHLVL', '0'), ('OLDPWD', '/home/isaac/roboracing_ws'), ('DESKTOP_SESSION', 'ubuntu'), ('GIO_LAUNCHED_DESKTOP_FILE', '/usr/share/applications/terminator.desktop'), ('ROS_PYTHON_VERSION', '3'), ('GNOME_SHELL_SESSION_MODE', 'ubuntu'), ('GTK_MODULES', 'gail:atk-bridge'), ('MANAGERPID', '2093'), ('SYSTEMD_EXEC_PID', '2539'), ('DBUS_SESSION_BUS_ADDRESS', 'unix:path=/run/user/1000/bus'), ('COLORTERM', 'truecolor'), ('_CE_M', ''), ('TERMINATOR_DBUS_NAME', 'net.tenshu.Terminator23558193cd9818af7fe4d2c2f5bd9d00f'), ('GIO_LAUNCHED_DESKTOP_FILE_PID', '8900'), ('MANDATORY_PATH', '/usr/share/gconf/ubuntu.mandatory.path'), ('ROS_DISTRO', 'humble'), ('LOGNAME', 'isaac'), ('JOURNAL_STREAM', '8:31501'), ('_', '/usr/bin/colcon'), ('ROS_VERSION', '2'), ('XDG_SESSION_CLASS', 'user'), ('DEFAULTS_PATH', '/usr/share/gconf/ubuntu.default.path'), ('USERNAME', 'isaac'), ('TERM', 'xterm-256color'), ('GNOME_DESKTOP_SESSION_ID', 'this-is-deprecated'), ('_CE_CONDA', ''), ('ROS_LOCALHOST_ONLY', '0'), ('WINDOWPATH', '2'), ('PATH', '/opt/ros/humble/bin:/home/isaac/anaconda3/condabin:/home/isaac/.local/bin:/usr/local/sbin:/usr/local/bin:/usr/sbin:/usr/bin:/sbin:/bin:/usr/games:/usr/local/games:/snap/bin:/snap/bin'), ('SESSION_MANAGER', 'local/warrior:@/tmp/.ICE-unix/2519,unix/warrior:/tmp/.ICE-unix/2519'), ('INVOCATION_ID', 'a985b6c71be44861a540bdabc55e1d87'), ('XDG_MENU_PREFIX', 'gnome-'), ('XDG_RUNTIME_DIR', '/run/user/1000'), ('DISPLAY', ':1'), ('TERMINATOR_DBUS_PATH', '/net/tenshu/Terminator2'), ('LANG', 'en_US.UTF-8'), ('XDG_CURRENT_DESKTOP', 'ubuntu:GNOME'), ('IBUS_DISABLE_SNOOPER', '1'), ('XMODIFIERS', '@im=ibus'), ('XDG_SESSION_DESKTOP', 'ubuntu'), ('XAUTHORITY', '/run/user/1000/gdm/Xauthority'), ('LS_COLORS', 'rs=0:di=01;34:ln=01;36:mh=00:pi=40;33:so=01;35:do=01;35:bd=40;33;01:cd=40;33;01:or=40;31;01:mi=00:su=37;41:sg=30;43:ca=30;41:tw=30;42:ow=34;42:st=37;44:ex=01;32:*.tar=01;31:*.tgz=01;31:*.arc=01;31:*.arj=01;31:*.taz=01;31:*.lha=01;31:*.lz4=01;31:*.lzh=01;31:*.lzma=01;31:*.tlz=01;31:*.txz=01;31:*.tzo=01;31:*.t7z=01;31:*.zip=01;31:*.z=01;31:*.dz=01;31:*.gz=01;31:*.lrz=01;31:*.lz=01;31:*.lzo=01;31:*.xz=01;31:*.zst=01;31:*.tzst=01;31:*.bz2=01;31:*.bz=01;31:*.tbz=01;31:*.tbz2=01;31:*.tz=01;31:*.deb=01;31:*.rpm=01;31:*.jar=01;31:*.war=01;31:*.ear=01;31:*.sar=01;31:*.rar=01;31:*.alz=01;31:*.ace=01;31:*.zoo=01;31:*.cpio=01;31:*.7z=01;31:*.rz=01;31:*.cab=01;31:*.wim=01;31:*.swm=01;31:*.dwm=01;31:*.esd=01;31:*.jpg=01;35:*.jpeg=01;35:*.mjpg=01;35:*.mjpeg=01;35:*.gif=01;35:*.bmp=01;35:*.pbm=01;35:*.pgm=01;35:*.ppm=01;35:*.tga=01;35:*.xbm=01;35:*.xpm=01;35:*.tif=01;35:*.tiff=01;35:*.png=01;35:*.svg=01;35:*.svgz=01;35:*.mng=01;35:*.pcx=01;35:*.mov=01;35:*.mpg=01;35:*.mpeg=01;35:*.m2v=01;35:*.mkv=01;35:*.webm=01;35:*.webp=01;35:*.ogm=01;35:*.mp4=01;35:*.m4v=01;35:*.mp4v=01;35:*.vob=01;35:*.qt=01;35:*.nuv=01;35:*.wmv=01;35:*.asf=01;35:*.rm=01;35:*.rmvb=01;35:*.flc=01;35:*.avi=01;35:*.fli=01;35:*.flv=01;35:*.gl=01;35:*.dl=01;35:*.xcf=01;35:*.xwd=01;35:*.yuv=01;35:*.cgm=01;35:*.emf=01;35:*.ogv=01;35:*.ogx=01;35:*.aac=00;36:*.au=00;36:*.flac=00;36:*.m4a=00;36:*.mid=00;36:*.midi=00;36:*.mka=00;36:*.mp3=00;36:*.mpc=00;36:*.ogg=00;36:*.ra=00;36:*.wav=00;36:*.oga=00;36:*.opus=00;36:*.spx=00;36:*.xspf=00;36:'), ('SSH_AGENT_LAUNCHER', 'gnome-keyring'), ('SSH_AUTH_SOCK', '/run/user/1000/keyring/ssh'), ('AMENT_PREFIX_PATH', '/opt/ros/humble'), ('CONDA_PYTHON_EXE', '/home/isaac/anaconda3/bin/python'), ('SHELL', '/bin/bash'), ('TERMINATOR_UUID', 'urn:uuid:d38d966b-3c57-45c3-a0f4-e3d94ca193cc'), ('QT_ACCESSIBILITY', '1'), ('GDMSESSION', 'ubuntu'), ('LESSCLOSE', '/usr/bin/lesspipe %s %s'), ('GPG_AGENT_INFO', '/run/user/1000/gnupg/S.gpg-agent:0:1'), ('GJS_DEBUG_OUTPUT', 'stderr'), ('QT_IM_MODULE', 'ibus'), ('PWD', '/home/isaac/roboracing_ws/src/roboracing-software/build/rr_msgs'), ('LC_ALL', 'en_US.UTF-8'), ('XDG_CONFIG_DIRS', '/etc/xdg/xdg-ubuntu:/etc/xdg'), ('CONDA_EXE', '/home/isaac/anaconda3/bin/conda'), ('XDG_DATA_DIRS', '/usr/share/ubuntu:/usr/share/gnome:/usr/local/share/:/usr/share/:/var/lib/snapd/desktop'), ('PYTHONPATH', '/opt/ros/humble/lib/python3.10/site-packages:/opt/ros/humble/local/lib/python3.10/dist-packages'), ('COLCON', '1'), ('VTE_VERSION', '6800'), ('CMAKE_PREFIX_PATH', '/opt/ros/humble')]), 'shell': False}
[0.059220] (rr_demo) JobProgress: {'identifier': 'rr_demo', 'progress': 'cmake'}
[0.059306] (rr_demo) Command: {'cmd': ['/usr/bin/cmake', '/home/isaac/roboracing_ws/src/roboracing-software/rr_demo', '-DCMAKE_INSTALL_PREFIX=/home/isaac/roboracing_ws/src/roboracing-software/install/rr_demo'], 'cwd': '/home/isaac/roboracing_ws/src/roboracing-software/build/rr_demo', 'env': OrderedDict([('GJS_DEBUG_TOPICS', 'JS ERROR;JS LOG'), ('LESSOPEN', '| /usr/bin/lesspipe %s'), ('USER', 'isaac'), ('XDG_SESSION_TYPE', 'x11'), ('SHLVL', '1'), ('LD_LIBRARY_PATH', '/usr/lib/x86_64-linux-gnu/gazebo-11/plugins:/opt/ros/humble/opt/rviz_ogre_vendor/lib:/opt/ros/humble/lib/x86_64-linux-gnu:/opt/ros/humble/lib'), ('HOME', '/home/isaac'), ('CONDA_SHLVL', '0'), ('OLDPWD', '/home/isaac/roboracing_ws'), ('DESKTOP_SESSION', 'ubuntu'), ('GIO_LAUNCHED_DESKTOP_FILE', '/usr/share/applications/terminator.desktop'), ('ROS_PYTHON_VERSION', '3'), ('GNOME_SHELL_SESSION_MODE', 'ubuntu'), ('GTK_MODULES', 'gail:atk-bridge'), ('MANAGERPID', '2093'), ('SYSTEMD_EXEC_PID', '2539'), ('DBUS_SESSION_BUS_ADDRESS', 'unix:path=/run/user/1000/bus'), ('COLORTERM', 'truecolor'), ('_CE_M', ''), ('TERMINATOR_DBUS_NAME', 'net.tenshu.Terminator23558193cd9818af7fe4d2c2f5bd9d00f'), ('GIO_LAUNCHED_DESKTOP_FILE_PID', '8900'), ('MANDATORY_PATH', '/usr/share/gconf/ubuntu.mandatory.path'), ('ROS_DISTRO', 'humble'), ('LOGNAME', 'isaac'), ('JOURNAL_STREAM', '8:31501'), ('_', '/usr/bin/colcon'), ('ROS_VERSION', '2'), ('XDG_SESSION_CLASS', 'user'), ('DEFAULTS_PATH', '/usr/share/gconf/ubuntu.default.path'), ('USERNAME', 'isaac'), ('TERM', 'xterm-256color'), ('GNOME_DESKTOP_SESSION_ID', 'this-is-deprecated'), ('_CE_CONDA', ''), ('ROS_LOCALHOST_ONLY', '0'), ('WINDOWPATH', '2'), ('PATH', '/opt/ros/humble/bin:/home/isaac/anaconda3/condabin:/home/isaac/.local/bin:/usr/local/sbin:/usr/local/bin:/usr/sbin:/usr/bin:/sbin:/bin:/usr/games:/usr/local/games:/snap/bin:/snap/bin'), ('SESSION_MANAGER', 'local/warrior:@/tmp/.ICE-unix/2519,unix/warrior:/tmp/.ICE-unix/2519'), ('INVOCATION_ID', 'a985b6c71be44861a540bdabc55e1d87'), ('XDG_MENU_PREFIX', 'gnome-'), ('XDG_RUNTIME_DIR', '/run/user/1000'), ('DISPLAY', ':1'), ('TERMINATOR_DBUS_PATH', '/net/tenshu/Terminator2'), ('LANG', 'en_US.UTF-8'), ('XDG_CURRENT_DESKTOP', 'ubuntu:GNOME'), ('IBUS_DISABLE_SNOOPER', '1'), ('XMODIFIERS', '@im=ibus'), ('XDG_SESSION_DESKTOP', 'ubuntu'), ('XAUTHORITY', '/run/user/1000/gdm/Xauthority'), ('LS_COLORS', 'rs=0:di=01;34:ln=01;36:mh=00:pi=40;33:so=01;35:do=01;35:bd=40;33;01:cd=40;33;01:or=40;31;01:mi=00:su=37;41:sg=30;43:ca=30;41:tw=30;42:ow=34;42:st=37;44:ex=01;32:*.tar=01;31:*.tgz=01;31:*.arc=01;31:*.arj=01;31:*.taz=01;31:*.lha=01;31:*.lz4=01;31:*.lzh=01;31:*.lzma=01;31:*.tlz=01;31:*.txz=01;31:*.tzo=01;31:*.t7z=01;31:*.zip=01;31:*.z=01;31:*.dz=01;31:*.gz=01;31:*.lrz=01;31:*.lz=01;31:*.lzo=01;31:*.xz=01;31:*.zst=01;31:*.tzst=01;31:*.bz2=01;31:*.bz=01;31:*.tbz=01;31:*.tbz2=01;31:*.tz=01;31:*.deb=01;31:*.rpm=01;31:*.jar=01;31:*.war=01;31:*.ear=01;31:*.sar=01;31:*.rar=01;31:*.alz=01;31:*.ace=01;31:*.zoo=01;31:*.cpio=01;31:*.7z=01;31:*.rz=01;31:*.cab=01;31:*.wim=01;31:*.swm=01;31:*.dwm=01;31:*.esd=01;31:*.jpg=01;35:*.jpeg=01;35:*.mjpg=01;35:*.mjpeg=01;35:*.gif=01;35:*.bmp=01;35:*.pbm=01;35:*.pgm=01;35:*.ppm=01;35:*.tga=01;35:*.xbm=01;35:*.xpm=01;35:*.tif=01;35:*.tiff=01;35:*.png=01;35:*.svg=01;35:*.svgz=01;35:*.mng=01;35:*.pcx=01;35:*.mov=01;35:*.mpg=01;35:*.mpeg=01;35:*.m2v=01;35:*.mkv=01;35:*.webm=01;35:*.webp=01;35:*.ogm=01;35:*.mp4=01;35:*.m4v=01;35:*.mp4v=01;35:*.vob=01;35:*.qt=01;35:*.nuv=01;35:*.wmv=01;35:*.asf=01;35:*.rm=01;35:*.rmvb=01;35:*.flc=01;35:*.avi=01;35:*.fli=01;35:*.flv=01;35:*.gl=01;35:*.dl=01;35:*.xcf=01;35:*.xwd=01;35:*.yuv=01;35:*.cgm=01;35:*.emf=01;35:*.ogv=01;35:*.ogx=01;35:*.aac=00;36:*.au=00;36:*.flac=00;36:*.m4a=00;36:*.mid=00;36:*.midi=00;36:*.mka=00;36:*.mp3=00;36:*.mpc=00;36:*.ogg=00;36:*.ra=00;36:*.wav=00;36:*.oga=00;36:*.opus=00;36:*.spx=00;36:*.xspf=00;36:'), ('SSH_AGENT_LAUNCHER', 'gnome-keyring'), ('SSH_AUTH_SOCK', '/run/user/1000/keyring/ssh'), ('AMENT_PREFIX_PATH', '/opt/ros/humble'), ('CONDA_PYTHON_EXE', '/home/isaac/anaconda3/bin/python'), ('SHELL', '/bin/bash'), ('TERMINATOR_UUID', 'urn:uuid:d38d966b-3c57-45c3-a0f4-e3d94ca193cc'), ('QT_ACCESSIBILITY', '1'), ('GDMSESSION', 'ubuntu'), ('LESSCLOSE', '/usr/bin/lesspipe %s %s'), ('GPG_AGENT_INFO', '/run/user/1000/gnupg/S.gpg-agent:0:1'), ('GJS_DEBUG_OUTPUT', 'stderr'), ('QT_IM_MODULE', 'ibus'), ('PWD', '/home/isaac/roboracing_ws/src/roboracing-software/build/rr_demo'), ('LC_ALL', 'en_US.UTF-8'), ('XDG_CONFIG_DIRS', '/etc/xdg/xdg-ubuntu:/etc/xdg'), ('CONDA_EXE', '/home/isaac/anaconda3/bin/conda'), ('XDG_DATA_DIRS', '/usr/share/ubuntu:/usr/share/gnome:/usr/local/share/:/usr/share/:/var/lib/snapd/desktop'), ('PYTHONPATH', '/opt/ros/humble/lib/python3.10/site-packages:/opt/ros/humble/local/lib/python3.10/dist-packages'), ('COLCON', '1'), ('VTE_VERSION', '6800'), ('CMAKE_PREFIX_PATH', '/opt/ros/humble')]), 'shell': False}
[0.064676] (rr_description) JobProgress: {'identifier': 'rr_description', 'progress': 'cmake'}
[0.064761] (rr_description) Command: {'cmd': ['/usr/bin/cmake', '/home/isaac/roboracing_ws/src/roboracing-software/rr_description', '-DCMAKE_INSTALL_PREFIX=/home/isaac/roboracing_ws/src/roboracing-software/install/rr_description'], 'cwd': '/home/isaac/roboracing_ws/src/roboracing-software/build/rr_description', 'env': OrderedDict([('GJS_DEBUG_TOPICS', 'JS ERROR;JS LOG'), ('LESSOPEN', '| /usr/bin/lesspipe %s'), ('USER', 'isaac'), ('XDG_SESSION_TYPE', 'x11'), ('SHLVL', '1'), ('LD_LIBRARY_PATH', '/usr/lib/x86_64-linux-gnu/gazebo-11/plugins:/opt/ros/humble/opt/rviz_ogre_vendor/lib:/opt/ros/humble/lib/x86_64-linux-gnu:/opt/ros/humble/lib'), ('HOME', '/home/isaac'), ('CONDA_SHLVL', '0'), ('OLDPWD', '/home/isaac/roboracing_ws'), ('DESKTOP_SESSION', 'ubuntu'), ('GIO_LAUNCHED_DESKTOP_FILE', '/usr/share/applications/terminator.desktop'), ('ROS_PYTHON_VERSION', '3'), ('GNOME_SHELL_SESSION_MODE', 'ubuntu'), ('GTK_MODULES', 'gail:atk-bridge'), ('MANAGERPID', '2093'), ('SYSTEMD_EXEC_PID', '2539'), ('DBUS_SESSION_BUS_ADDRESS', 'unix:path=/run/user/1000/bus'), ('COLORTERM', 'truecolor'), ('_CE_M', ''), ('TERMINATOR_DBUS_NAME', 'net.tenshu.Terminator23558193cd9818af7fe4d2c2f5bd9d00f'), ('GIO_LAUNCHED_DESKTOP_FILE_PID', '8900'), ('MANDATORY_PATH', '/usr/share/gconf/ubuntu.mandatory.path'), ('ROS_DISTRO', 'humble'), ('LOGNAME', 'isaac'), ('JOURNAL_STREAM', '8:31501'), ('_', '/usr/bin/colcon'), ('ROS_VERSION', '2'), ('XDG_SESSION_CLASS', 'user'), ('DEFAULTS_PATH', '/usr/share/gconf/ubuntu.default.path'), ('USERNAME', 'isaac'), ('TERM', 'xterm-256color'), ('GNOME_DESKTOP_SESSION_ID', 'this-is-deprecated'), ('_CE_CONDA', ''), ('ROS_LOCALHOST_ONLY', '0'), ('WINDOWPATH', '2'), ('PATH', '/opt/ros/humble/bin:/home/isaac/anaconda3/condabin:/home/isaac/.local/bin:/usr/local/sbin:/usr/local/bin:/usr/sbin:/usr/bin:/sbin:/bin:/usr/games:/usr/local/games:/snap/bin:/snap/bin'), ('SESSION_MANAGER', 'local/warrior:@/tmp/.ICE-unix/2519,unix/warrior:/tmp/.ICE-unix/2519'), ('INVOCATION_ID', 'a985b6c71be44861a540bdabc55e1d87'), ('XDG_MENU_PREFIX', 'gnome-'), ('XDG_RUNTIME_DIR', '/run/user/1000'), ('DISPLAY', ':1'), ('TERMINATOR_DBUS_PATH', '/net/tenshu/Terminator2'), ('LANG', 'en_US.UTF-8'), ('XDG_CURRENT_DESKTOP', 'ubuntu:GNOME'), ('IBUS_DISABLE_SNOOPER', '1'), ('XMODIFIERS', '@im=ibus'), ('XDG_SESSION_DESKTOP', 'ubuntu'), ('XAUTHORITY', '/run/user/1000/gdm/Xauthority'), ('LS_COLORS', 'rs=0:di=01;34:ln=01;36:mh=00:pi=40;33:so=01;35:do=01;35:bd=40;33;01:cd=40;33;01:or=40;31;01:mi=00:su=37;41:sg=30;43:ca=30;41:tw=30;42:ow=34;42:st=37;44:ex=01;32:*.tar=01;31:*.tgz=01;31:*.arc=01;31:*.arj=01;31:*.taz=01;31:*.lha=01;31:*.lz4=01;31:*.lzh=01;31:*.lzma=01;31:*.tlz=01;31:*.txz=01;31:*.tzo=01;31:*.t7z=01;31:*.zip=01;31:*.z=01;31:*.dz=01;31:*.gz=01;31:*.lrz=01;31:*.lz=01;31:*.lzo=01;31:*.xz=01;31:*.zst=01;31:*.tzst=01;31:*.bz2=01;31:*.bz=01;31:*.tbz=01;31:*.tbz2=01;31:*.tz=01;31:*.deb=01;31:*.rpm=01;31:*.jar=01;31:*.war=01;31:*.ear=01;31:*.sar=01;31:*.rar=01;31:*.alz=01;31:*.ace=01;31:*.zoo=01;31:*.cpio=01;31:*.7z=01;31:*.rz=01;31:*.cab=01;31:*.wim=01;31:*.swm=01;31:*.dwm=01;31:*.esd=01;31:*.jpg=01;35:*.jpeg=01;35:*.mjpg=01;35:*.mjpeg=01;35:*.gif=01;35:*.bmp=01;35:*.pbm=01;35:*.pgm=01;35:*.ppm=01;35:*.tga=01;35:*.xbm=01;35:*.xpm=01;35:*.tif=01;35:*.tiff=01;35:*.png=01;35:*.svg=01;35:*.svgz=01;35:*.mng=01;35:*.pcx=01;35:*.mov=01;35:*.mpg=01;35:*.mpeg=01;35:*.m2v=01;35:*.mkv=01;35:*.webm=01;35:*.webp=01;35:*.ogm=01;35:*.mp4=01;35:*.m4v=01;35:*.mp4v=01;35:*.vob=01;35:*.qt=01;35:*.nuv=01;35:*.wmv=01;35:*.asf=01;35:*.rm=01;35:*.rmvb=01;35:*.flc=01;35:*.avi=01;35:*.fli=01;35:*.flv=01;35:*.gl=01;35:*.dl=01;35:*.xcf=01;35:*.xwd=01;35:*.yuv=01;35:*.cgm=01;35:*.emf=01;35:*.ogv=01;35:*.ogx=01;35:*.aac=00;36:*.au=00;36:*.flac=00;36:*.m4a=00;36:*.mid=00;36:*.midi=00;36:*.mka=00;36:*.mp3=00;36:*.mpc=00;36:*.ogg=00;36:*.ra=00;36:*.wav=00;36:*.oga=00;36:*.opus=00;36:*.spx=00;36:*.xspf=00;36:'), ('SSH_AGENT_LAUNCHER', 'gnome-keyring'), ('SSH_AUTH_SOCK', '/run/user/1000/keyring/ssh'), ('AMENT_PREFIX_PATH', '/opt/ros/humble'), ('CONDA_PYTHON_EXE', '/home/isaac/anaconda3/bin/python'), ('SHELL', '/bin/bash'), ('TERMINATOR_UUID', 'urn:uuid:d38d966b-3c57-45c3-a0f4-e3d94ca193cc'), ('QT_ACCESSIBILITY', '1'), ('GDMSESSION', 'ubuntu'), ('LESSCLOSE', '/usr/bin/lesspipe %s %s'), ('GPG_AGENT_INFO', '/run/user/1000/gnupg/S.gpg-agent:0:1'), ('GJS_DEBUG_OUTPUT', 'stderr'), ('QT_IM_MODULE', 'ibus'), ('PWD', '/home/isaac/roboracing_ws/src/roboracing-software/build/rr_description'), ('LC_ALL', 'en_US.UTF-8'), ('XDG_CONFIG_DIRS', '/etc/xdg/xdg-ubuntu:/etc/xdg'), ('CONDA_EXE', '/home/isaac/anaconda3/bin/conda'), ('XDG_DATA_DIRS', '/usr/share/ubuntu:/usr/share/gnome:/usr/local/share/:/usr/share/:/var/lib/snapd/desktop'), ('PYTHONPATH', '/opt/ros/humble/lib/python3.10/site-packages:/opt/ros/humble/local/lib/python3.10/dist-packages'), ('COLCON', '1'), ('VTE_VERSION', '6800'), ('CMAKE_PREFIX_PATH', '/opt/ros/humble')]), 'shell': False}
[0.070243] (rr_evgp) JobProgress: {'identifier': 'rr_evgp', 'progress': 'cmake'}
[0.070518] (rr_evgp) Command: {'cmd': ['/usr/bin/cmake', '/home/isaac/roboracing_ws/src/roboracing-software/rr_evgp', '-DCMAKE_INSTALL_PREFIX=/home/isaac/roboracing_ws/src/roboracing-software/install/rr_evgp'], 'cwd': '/home/isaac/roboracing_ws/src/roboracing-software/build/rr_evgp', 'env': OrderedDict([('GJS_DEBUG_TOPICS', 'JS ERROR;JS LOG'), ('LESSOPEN', '| /usr/bin/lesspipe %s'), ('USER', 'isaac'), ('XDG_SESSION_TYPE', 'x11'), ('SHLVL', '1'), ('LD_LIBRARY_PATH', '/usr/lib/x86_64-linux-gnu/gazebo-11/plugins:/opt/ros/humble/opt/rviz_ogre_vendor/lib:/opt/ros/humble/lib/x86_64-linux-gnu:/opt/ros/humble/lib'), ('HOME', '/home/isaac'), ('CONDA_SHLVL', '0'), ('OLDPWD', '/home/isaac/roboracing_ws'), ('DESKTOP_SESSION', 'ubuntu'), ('GIO_LAUNCHED_DESKTOP_FILE', '/usr/share/applications/terminator.desktop'), ('ROS_PYTHON_VERSION', '3'), ('GNOME_SHELL_SESSION_MODE', 'ubuntu'), ('GTK_MODULES', 'gail:atk-bridge'), ('MANAGERPID', '2093'), ('SYSTEMD_EXEC_PID', '2539'), ('DBUS_SESSION_BUS_ADDRESS', 'unix:path=/run/user/1000/bus'), ('COLORTERM', 'truecolor'), ('_CE_M', ''), ('TERMINATOR_DBUS_NAME', 'net.tenshu.Terminator23558193cd9818af7fe4d2c2f5bd9d00f'), ('GIO_LAUNCHED_DESKTOP_FILE_PID', '8900'), ('MANDATORY_PATH', '/usr/share/gconf/ubuntu.mandatory.path'), ('ROS_DISTRO', 'humble'), ('LOGNAME', 'isaac'), ('JOURNAL_STREAM', '8:31501'), ('_', '/usr/bin/colcon'), ('ROS_VERSION', '2'), ('XDG_SESSION_CLASS', 'user'), ('DEFAULTS_PATH', '/usr/share/gconf/ubuntu.default.path'), ('USERNAME', 'isaac'), ('TERM', 'xterm-256color'), ('GNOME_DESKTOP_SESSION_ID', 'this-is-deprecated'), ('_CE_CONDA', ''), ('ROS_LOCALHOST_ONLY', '0'), ('WINDOWPATH', '2'), ('PATH', '/opt/ros/humble/bin:/home/isaac/anaconda3/condabin:/home/isaac/.local/bin:/usr/local/sbin:/usr/local/bin:/usr/sbin:/usr/bin:/sbin:/bin:/usr/games:/usr/local/games:/snap/bin:/snap/bin'), ('SESSION_MANAGER', 'local/warrior:@/tmp/.ICE-unix/2519,unix/warrior:/tmp/.ICE-unix/2519'), ('INVOCATION_ID', 'a985b6c71be44861a540bdabc55e1d87'), ('XDG_MENU_PREFIX', 'gnome-'), ('XDG_RUNTIME_DIR', '/run/user/1000'), ('DISPLAY', ':1'), ('TERMINATOR_DBUS_PATH', '/net/tenshu/Terminator2'), ('LANG', 'en_US.UTF-8'), ('XDG_CURRENT_DESKTOP', 'ubuntu:GNOME'), ('IBUS_DISABLE_SNOOPER', '1'), ('XMODIFIERS', '@im=ibus'), ('XDG_SESSION_DESKTOP', 'ubuntu'), ('XAUTHORITY', '/run/user/1000/gdm/Xauthority'), ('LS_COLORS', 'rs=0:di=01;34:ln=01;36:mh=00:pi=40;33:so=01;35:do=01;35:bd=40;33;01:cd=40;33;01:or=40;31;01:mi=00:su=37;41:sg=30;43:ca=30;41:tw=30;42:ow=34;42:st=37;44:ex=01;32:*.tar=01;31:*.tgz=01;31:*.arc=01;31:*.arj=01;31:*.taz=01;31:*.lha=01;31:*.lz4=01;31:*.lzh=01;31:*.lzma=01;31:*.tlz=01;31:*.txz=01;31:*.tzo=01;31:*.t7z=01;31:*.zip=01;31:*.z=01;31:*.dz=01;31:*.gz=01;31:*.lrz=01;31:*.lz=01;31:*.lzo=01;31:*.xz=01;31:*.zst=01;31:*.tzst=01;31:*.bz2=01;31:*.bz=01;31:*.tbz=01;31:*.tbz2=01;31:*.tz=01;31:*.deb=01;31:*.rpm=01;31:*.jar=01;31:*.war=01;31:*.ear=01;31:*.sar=01;31:*.rar=01;31:*.alz=01;31:*.ace=01;31:*.zoo=01;31:*.cpio=01;31:*.7z=01;31:*.rz=01;31:*.cab=01;31:*.wim=01;31:*.swm=01;31:*.dwm=01;31:*.esd=01;31:*.jpg=01;35:*.jpeg=01;35:*.mjpg=01;35:*.mjpeg=01;35:*.gif=01;35:*.bmp=01;35:*.pbm=01;35:*.pgm=01;35:*.ppm=01;35:*.tga=01;35:*.xbm=01;35:*.xpm=01;35:*.tif=01;35:*.tiff=01;35:*.png=01;35:*.svg=01;35:*.svgz=01;35:*.mng=01;35:*.pcx=01;35:*.mov=01;35:*.mpg=01;35:*.mpeg=01;35:*.m2v=01;35:*.mkv=01;35:*.webm=01;35:*.webp=01;35:*.ogm=01;35:*.mp4=01;35:*.m4v=01;35:*.mp4v=01;35:*.vob=01;35:*.qt=01;35:*.nuv=01;35:*.wmv=01;35:*.asf=01;35:*.rm=01;35:*.rmvb=01;35:*.flc=01;35:*.avi=01;35:*.fli=01;35:*.flv=01;35:*.gl=01;35:*.dl=01;35:*.xcf=01;35:*.xwd=01;35:*.yuv=01;35:*.cgm=01;35:*.emf=01;35:*.ogv=01;35:*.ogx=01;35:*.aac=00;36:*.au=00;36:*.flac=00;36:*.m4a=00;36:*.mid=00;36:*.midi=00;36:*.mka=00;36:*.mp3=00;36:*.mpc=00;36:*.ogg=00;36:*.ra=00;36:*.wav=00;36:*.oga=00;36:*.opus=00;36:*.spx=00;36:*.xspf=00;36:'), ('SSH_AGENT_LAUNCHER', 'gnome-keyring'), ('SSH_AUTH_SOCK', '/run/user/1000/keyring/ssh'), ('AMENT_PREFIX_PATH', '/opt/ros/humble'), ('CONDA_PYTHON_EXE', '/home/isaac/anaconda3/bin/python'), ('SHELL', '/bin/bash'), ('TERMINATOR_UUID', 'urn:uuid:d38d966b-3c57-45c3-a0f4-e3d94ca193cc'), ('QT_ACCESSIBILITY', '1'), ('GDMSESSION', 'ubuntu'), ('LESSCLOSE', '/usr/bin/lesspipe %s %s'), ('GPG_AGENT_INFO', '/run/user/1000/gnupg/S.gpg-agent:0:1'), ('GJS_DEBUG_OUTPUT', 'stderr'), ('QT_IM_MODULE', 'ibus'), ('PWD', '/home/isaac/roboracing_ws/src/roboracing-software/build/rr_evgp'), ('LC_ALL', 'en_US.UTF-8'), ('XDG_CONFIG_DIRS', '/etc/xdg/xdg-ubuntu:/etc/xdg'), ('CONDA_EXE', '/home/isaac/anaconda3/bin/conda'), ('XDG_DATA_DIRS', '/usr/share/ubuntu:/usr/share/gnome:/usr/local/share/:/usr/share/:/var/lib/snapd/desktop'), ('PYTHONPATH', '/opt/ros/humble/lib/python3.10/site-packages:/opt/ros/humble/local/lib/python3.10/dist-packages'), ('COLCON', '1'), ('VTE_VERSION', '6800'), ('CMAKE_PREFIX_PATH', '/opt/ros/humble')]), 'shell': False}
[0.076090] (rr_iarrc) JobProgress: {'identifier': 'rr_iarrc', 'progress': 'cmake'}
[0.076485] (rr_iarrc) Command: {'cmd': ['/usr/bin/cmake', '/home/isaac/roboracing_ws/src/roboracing-software/rr_iarrc', '-DCMAKE_INSTALL_PREFIX=/home/isaac/roboracing_ws/src/roboracing-software/install/rr_iarrc'], 'cwd': '/home/isaac/roboracing_ws/src/roboracing-software/build/rr_iarrc', 'env': OrderedDict([('GJS_DEBUG_TOPICS', 'JS ERROR;JS LOG'), ('LESSOPEN', '| /usr/bin/lesspipe %s'), ('USER', 'isaac'), ('XDG_SESSION_TYPE', 'x11'), ('SHLVL', '1'), ('LD_LIBRARY_PATH', '/usr/lib/x86_64-linux-gnu/gazebo-11/plugins:/opt/ros/humble/opt/rviz_ogre_vendor/lib:/opt/ros/humble/lib/x86_64-linux-gnu:/opt/ros/humble/lib'), ('HOME', '/home/isaac'), ('CONDA_SHLVL', '0'), ('OLDPWD', '/home/isaac/roboracing_ws'), ('DESKTOP_SESSION', 'ubuntu'), ('GIO_LAUNCHED_DESKTOP_FILE', '/usr/share/applications/terminator.desktop'), ('ROS_PYTHON_VERSION', '3'), ('GNOME_SHELL_SESSION_MODE', 'ubuntu'), ('GTK_MODULES', 'gail:atk-bridge'), ('MANAGERPID', '2093'), ('SYSTEMD_EXEC_PID', '2539'), ('DBUS_SESSION_BUS_ADDRESS', 'unix:path=/run/user/1000/bus'), ('COLORTERM', 'truecolor'), ('_CE_M', ''), ('TERMINATOR_DBUS_NAME', 'net.tenshu.Terminator23558193cd9818af7fe4d2c2f5bd9d00f'), ('GIO_LAUNCHED_DESKTOP_FILE_PID', '8900'), ('MANDATORY_PATH', '/usr/share/gconf/ubuntu.mandatory.path'), ('ROS_DISTRO', 'humble'), ('LOGNAME', 'isaac'), ('JOURNAL_STREAM', '8:31501'), ('_', '/usr/bin/colcon'), ('ROS_VERSION', '2'), ('XDG_SESSION_CLASS', 'user'), ('DEFAULTS_PATH', '/usr/share/gconf/ubuntu.default.path'), ('USERNAME', 'isaac'), ('TERM', 'xterm-256color'), ('GNOME_DESKTOP_SESSION_ID', 'this-is-deprecated'), ('_CE_CONDA', ''), ('ROS_LOCALHOST_ONLY', '0'), ('WINDOWPATH', '2'), ('PATH', '/opt/ros/humble/bin:/home/isaac/anaconda3/condabin:/home/isaac/.local/bin:/usr/local/sbin:/usr/local/bin:/usr/sbin:/usr/bin:/sbin:/bin:/usr/games:/usr/local/games:/snap/bin:/snap/bin'), ('SESSION_MANAGER', 'local/warrior:@/tmp/.ICE-unix/2519,unix/warrior:/tmp/.ICE-unix/2519'), ('INVOCATION_ID', 'a985b6c71be44861a540bdabc55e1d87'), ('XDG_MENU_PREFIX', 'gnome-'), ('XDG_RUNTIME_DIR', '/run/user/1000'), ('DISPLAY', ':1'), ('TERMINATOR_DBUS_PATH', '/net/tenshu/Terminator2'), ('LANG', 'en_US.UTF-8'), ('XDG_CURRENT_DESKTOP', 'ubuntu:GNOME'), ('IBUS_DISABLE_SNOOPER', '1'), ('XMODIFIERS', '@im=ibus'), ('XDG_SESSION_DESKTOP', 'ubuntu'), ('XAUTHORITY', '/run/user/1000/gdm/Xauthority'), ('LS_COLORS', 'rs=0:di=01;34:ln=01;36:mh=00:pi=40;33:so=01;35:do=01;35:bd=40;33;01:cd=40;33;01:or=40;31;01:mi=00:su=37;41:sg=30;43:ca=30;41:tw=30;42:ow=34;42:st=37;44:ex=01;32:*.tar=01;31:*.tgz=01;31:*.arc=01;31:*.arj=01;31:*.taz=01;31:*.lha=01;31:*.lz4=01;31:*.lzh=01;31:*.lzma=01;31:*.tlz=01;31:*.txz=01;31:*.tzo=01;31:*.t7z=01;31:*.zip=01;31:*.z=01;31:*.dz=01;31:*.gz=01;31:*.lrz=01;31:*.lz=01;31:*.lzo=01;31:*.xz=01;31:*.zst=01;31:*.tzst=01;31:*.bz2=01;31:*.bz=01;31:*.tbz=01;31:*.tbz2=01;31:*.tz=01;31:*.deb=01;31:*.rpm=01;31:*.jar=01;31:*.war=01;31:*.ear=01;31:*.sar=01;31:*.rar=01;31:*.alz=01;31:*.ace=01;31:*.zoo=01;31:*.cpio=01;31:*.7z=01;31:*.rz=01;31:*.cab=01;31:*.wim=01;31:*.swm=01;31:*.dwm=01;31:*.esd=01;31:*.jpg=01;35:*.jpeg=01;35:*.mjpg=01;35:*.mjpeg=01;35:*.gif=01;35:*.bmp=01;35:*.pbm=01;35:*.pgm=01;35:*.ppm=01;35:*.tga=01;35:*.xbm=01;35:*.xpm=01;35:*.tif=01;35:*.tiff=01;35:*.png=01;35:*.svg=01;35:*.svgz=01;35:*.mng=01;35:*.pcx=01;35:*.mov=01;35:*.mpg=01;35:*.mpeg=01;35:*.m2v=01;35:*.mkv=01;35:*.webm=01;35:*.webp=01;35:*.ogm=01;35:*.mp4=01;35:*.m4v=01;35:*.mp4v=01;35:*.vob=01;35:*.qt=01;35:*.nuv=01;35:*.wmv=01;35:*.asf=01;35:*.rm=01;35:*.rmvb=01;35:*.flc=01;35:*.avi=01;35:*.fli=01;35:*.flv=01;35:*.gl=01;35:*.dl=01;35:*.xcf=01;35:*.xwd=01;35:*.yuv=01;35:*.cgm=01;35:*.emf=01;35:*.ogv=01;35:*.ogx=01;35:*.aac=00;36:*.au=00;36:*.flac=00;36:*.m4a=00;36:*.mid=00;36:*.midi=00;36:*.mka=00;36:*.mp3=00;36:*.mpc=00;36:*.ogg=00;36:*.ra=00;36:*.wav=00;36:*.oga=00;36:*.opus=00;36:*.spx=00;36:*.xspf=00;36:'), ('SSH_AGENT_LAUNCHER', 'gnome-keyring'), ('SSH_AUTH_SOCK', '/run/user/1000/keyring/ssh'), ('AMENT_PREFIX_PATH', '/opt/ros/humble'), ('CONDA_PYTHON_EXE', '/home/isaac/anaconda3/bin/python'), ('SHELL', '/bin/bash'), ('TERMINATOR_UUID', 'urn:uuid:d38d966b-3c57-45c3-a0f4-e3d94ca193cc'), ('QT_ACCESSIBILITY', '1'), ('GDMSESSION', 'ubuntu'), ('LESSCLOSE', '/usr/bin/lesspipe %s %s'), ('GPG_AGENT_INFO', '/run/user/1000/gnupg/S.gpg-agent:0:1'), ('GJS_DEBUG_OUTPUT', 'stderr'), ('QT_IM_MODULE', 'ibus'), ('PWD', '/home/isaac/roboracing_ws/src/roboracing-software/build/rr_iarrc'), ('LC_ALL', 'en_US.UTF-8'), ('XDG_CONFIG_DIRS', '/etc/xdg/xdg-ubuntu:/etc/xdg'), ('CONDA_EXE', '/home/isaac/anaconda3/bin/conda'), ('XDG_DATA_DIRS', '/usr/share/ubuntu:/usr/share/gnome:/usr/local/share/:/usr/share/:/var/lib/snapd/desktop'), ('PYTHONPATH', '/opt/ros/humble/lib/python3.10/site-packages:/opt/ros/humble/local/lib/python3.10/dist-packages'), ('COLCON', '1'), ('VTE_VERSION', '6800'), ('CMAKE_PREFIX_PATH', '/opt/ros/humble')]), 'shell': False}
[0.080356] (rr_rviz_plugins) JobProgress: {'identifier': 'rr_rviz_plugins', 'progress': 'cmake'}
[0.081148] (rr_rviz_plugins) Command: {'cmd': ['/usr/bin/cmake', '/home/isaac/roboracing_ws/src/roboracing-software/rr_rviz_plugins', '-DCMAKE_INSTALL_PREFIX=/home/isaac/roboracing_ws/src/roboracing-software/install/rr_rviz_plugins'], 'cwd': '/home/isaac/roboracing_ws/src/roboracing-software/build/rr_rviz_plugins', 'env': OrderedDict([('GJS_DEBUG_TOPICS', 'JS ERROR;JS LOG'), ('LESSOPEN', '| /usr/bin/lesspipe %s'), ('USER', 'isaac'), ('XDG_SESSION_TYPE', 'x11'), ('SHLVL', '1'), ('LD_LIBRARY_PATH', '/usr/lib/x86_64-linux-gnu/gazebo-11/plugins:/opt/ros/humble/opt/rviz_ogre_vendor/lib:/opt/ros/humble/lib/x86_64-linux-gnu:/opt/ros/humble/lib'), ('HOME', '/home/isaac'), ('CONDA_SHLVL', '0'), ('OLDPWD', '/home/isaac/roboracing_ws'), ('DESKTOP_SESSION', 'ubuntu'), ('GIO_LAUNCHED_DESKTOP_FILE', '/usr/share/applications/terminator.desktop'), ('ROS_PYTHON_VERSION', '3'), ('GNOME_SHELL_SESSION_MODE', 'ubuntu'), ('GTK_MODULES', 'gail:atk-bridge'), ('MANAGERPID', '2093'), ('SYSTEMD_EXEC_PID', '2539'), ('DBUS_SESSION_BUS_ADDRESS', 'unix:path=/run/user/1000/bus'), ('COLORTERM', 'truecolor'), ('_CE_M', ''), ('TERMINATOR_DBUS_NAME', 'net.tenshu.Terminator23558193cd9818af7fe4d2c2f5bd9d00f'), ('GIO_LAUNCHED_DESKTOP_FILE_PID', '8900'), ('MANDATORY_PATH', '/usr/share/gconf/ubuntu.mandatory.path'), ('ROS_DISTRO', 'humble'), ('LOGNAME', 'isaac'), ('JOURNAL_STREAM', '8:31501'), ('_', '/usr/bin/colcon'), ('ROS_VERSION', '2'), ('XDG_SESSION_CLASS', 'user'), ('DEFAULTS_PATH', '/usr/share/gconf/ubuntu.default.path'), ('USERNAME', 'isaac'), ('TERM', 'xterm-256color'), ('GNOME_DESKTOP_SESSION_ID', 'this-is-deprecated'), ('_CE_CONDA', ''), ('ROS_LOCALHOST_ONLY', '0'), ('WINDOWPATH', '2'), ('PATH', '/opt/ros/humble/bin:/home/isaac/anaconda3/condabin:/home/isaac/.local/bin:/usr/local/sbin:/usr/local/bin:/usr/sbin:/usr/bin:/sbin:/bin:/usr/games:/usr/local/games:/snap/bin:/snap/bin'), ('SESSION_MANAGER', 'local/warrior:@/tmp/.ICE-unix/2519,unix/warrior:/tmp/.ICE-unix/2519'), ('INVOCATION_ID', 'a985b6c71be44861a540bdabc55e1d87'), ('XDG_MENU_PREFIX', 'gnome-'), ('XDG_RUNTIME_DIR', '/run/user/1000'), ('DISPLAY', ':1'), ('TERMINATOR_DBUS_PATH', '/net/tenshu/Terminator2'), ('LANG', 'en_US.UTF-8'), ('XDG_CURRENT_DESKTOP', 'ubuntu:GNOME'), ('IBUS_DISABLE_SNOOPER', '1'), ('XMODIFIERS', '@im=ibus'), ('XDG_SESSION_DESKTOP', 'ubuntu'), ('XAUTHORITY', '/run/user/1000/gdm/Xauthority'), ('LS_COLORS', 'rs=0:di=01;34:ln=01;36:mh=00:pi=40;33:so=01;35:do=01;35:bd=40;33;01:cd=40;33;01:or=40;31;01:mi=00:su=37;41:sg=30;43:ca=30;41:tw=30;42:ow=34;42:st=37;44:ex=01;32:*.tar=01;31:*.tgz=01;31:*.arc=01;31:*.arj=01;31:*.taz=01;31:*.lha=01;31:*.lz4=01;31:*.lzh=01;31:*.lzma=01;31:*.tlz=01;31:*.txz=01;31:*.tzo=01;31:*.t7z=01;31:*.zip=01;31:*.z=01;31:*.dz=01;31:*.gz=01;31:*.lrz=01;31:*.lz=01;31:*.lzo=01;31:*.xz=01;31:*.zst=01;31:*.tzst=01;31:*.bz2=01;31:*.bz=01;31:*.tbz=01;31:*.tbz2=01;31:*.tz=01;31:*.deb=01;31:*.rpm=01;31:*.jar=01;31:*.war=01;31:*.ear=01;31:*.sar=01;31:*.rar=01;31:*.alz=01;31:*.ace=01;31:*.zoo=01;31:*.cpio=01;31:*.7z=01;31:*.rz=01;31:*.cab=01;31:*.wim=01;31:*.swm=01;31:*.dwm=01;31:*.esd=01;31:*.jpg=01;35:*.jpeg=01;35:*.mjpg=01;35:*.mjpeg=01;35:*.gif=01;35:*.bmp=01;35:*.pbm=01;35:*.pgm=01;35:*.ppm=01;35:*.tga=01;35:*.xbm=01;35:*.xpm=01;35:*.tif=01;35:*.tiff=01;35:*.png=01;35:*.svg=01;35:*.svgz=01;35:*.mng=01;35:*.pcx=01;35:*.mov=01;35:*.mpg=01;35:*.mpeg=01;35:*.m2v=01;35:*.mkv=01;35:*.webm=01;35:*.webp=01;35:*.ogm=01;35:*.mp4=01;35:*.m4v=01;35:*.mp4v=01;35:*.vob=01;35:*.qt=01;35:*.nuv=01;35:*.wmv=01;35:*.asf=01;35:*.rm=01;35:*.rmvb=01;35:*.flc=01;35:*.avi=01;35:*.fli=01;35:*.flv=01;35:*.gl=01;35:*.dl=01;35:*.xcf=01;35:*.xwd=01;35:*.yuv=01;35:*.cgm=01;35:*.emf=01;35:*.ogv=01;35:*.ogx=01;35:*.aac=00;36:*.au=00;36:*.flac=00;36:*.m4a=00;36:*.mid=00;36:*.midi=00;36:*.mka=00;36:*.mp3=00;36:*.mpc=00;36:*.ogg=00;36:*.ra=00;36:*.wav=00;36:*.oga=00;36:*.opus=00;36:*.spx=00;36:*.xspf=00;36:'), ('SSH_AGENT_LAUNCHER', 'gnome-keyring'), ('SSH_AUTH_SOCK', '/run/user/1000/keyring/ssh'), ('AMENT_PREFIX_PATH', '/opt/ros/humble'), ('CONDA_PYTHON_EXE', '/home/isaac/anaconda3/bin/python'), ('SHELL', '/bin/bash'), ('TERMINATOR_UUID', 'urn:uuid:d38d966b-3c57-45c3-a0f4-e3d94ca193cc'), ('QT_ACCESSIBILITY', '1'), ('GDMSESSION', 'ubuntu'), ('LESSCLOSE', '/usr/bin/lesspipe %s %s'), ('GPG_AGENT_INFO', '/run/user/1000/gnupg/S.gpg-agent:0:1'), ('GJS_DEBUG_OUTPUT', 'stderr'), ('QT_IM_MODULE', 'ibus'), ('PWD', '/home/isaac/roboracing_ws/src/roboracing-software/build/rr_rviz_plugins'), ('LC_ALL', 'en_US.UTF-8'), ('XDG_CONFIG_DIRS', '/etc/xdg/xdg-ubuntu:/etc/xdg'), ('CONDA_EXE', '/home/isaac/anaconda3/bin/conda'), ('XDG_DATA_DIRS', '/usr/share/ubuntu:/usr/share/gnome:/usr/local/share/:/usr/share/:/var/lib/snapd/desktop'), ('PYTHONPATH', '/opt/ros/humble/lib/python3.10/site-packages:/opt/ros/humble/local/lib/python3.10/dist-packages'), ('COLCON', '1'), ('VTE_VERSION', '6800'), ('CMAKE_PREFIX_PATH', '/opt/ros/humble')]), 'shell': False}
[0.098998] (-) TimerEvent: {}
[0.181488] (rr_description) StdoutLine: {'line': b'-- The C compiler identification is GNU 11.2.0\n'}
[0.182643] (rr_rviz_plugins) StdoutLine: {'line': b'-- The C compiler identification is GNU 11.2.0\n'}
[0.183040] (rr_demo) StdoutLine: {'line': b'-- The C compiler identification is GNU 11.2.0\n'}
[0.183322] (rr_evgp) StdoutLine: {'line': b'-- The C compiler identification is GNU 11.2.0\n'}
[0.183963] (rr_msgs) StdoutLine: {'line': b'-- The C compiler identification is GNU 11.2.0\n'}
[0.199115] (-) TimerEvent: {}
[0.211594] (rr_iarrc) StdoutLine: {'line': b'-- The C compiler identification is GNU 11.2.0\n'}
[0.288488] (rr_description) StdoutLine: {'line': b'-- The CXX compiler identification is GNU 11.2.0\n'}
[0.292630] (rr_evgp) StdoutLine: {'line': b'-- The CXX compiler identification is GNU 11.2.0\n'}
[0.299441] (-) TimerEvent: {}
[0.303098] (rr_description) StdoutLine: {'line': b'-- Detecting C compiler ABI info\n'}
[0.305794] (rr_demo) StdoutLine: {'line': b'-- The CXX compiler identification is GNU 11.2.0\n'}
[0.306499] (rr_evgp) StdoutLine: {'line': b'-- Detecting C compiler ABI info\n'}
[0.308194] (rr_rviz_plugins) StdoutLine: {'line': b'-- The CXX compiler identification is GNU 11.2.0\n'}
[0.321218] (rr_msgs) StdoutLine: {'line': b'-- The CXX compiler identification is GNU 11.2.0\n'}
[0.327755] (rr_demo) StdoutLine: {'line': b'-- Detecting C compiler ABI info\n'}
[0.330900] (rr_msgs) StdoutLine: {'line': b'-- Detecting C compiler ABI info\n'}
[0.331927] (rr_rviz_plugins) StdoutLine: {'line': b'-- Detecting C compiler ABI info\n'}
[0.333363] (rr_iarrc) StdoutLine: {'line': b'-- The CXX compiler identification is GNU 11.2.0\n'}
[0.357142] (rr_iarrc) StdoutLine: {'line': b'-- Detecting C compiler ABI info\n'}
[0.399560] (-) TimerEvent: {}
[0.454338] (rr_evgp) StdoutLine: {'line': b'-- Detecting C compiler ABI info - done\n'}
[0.463506] (rr_msgs) StdoutLine: {'line': b'-- Detecting C compiler ABI info - done\n'}
[0.467910] (rr_description) StdoutLine: {'line': b'-- Detecting C compiler ABI info - done\n'}
[0.472101] (rr_demo) StdoutLine: {'line': b'-- Detecting C compiler ABI info - done\n'}
[0.475741] (rr_rviz_plugins) StdoutLine: {'line': b'-- Detecting C compiler ABI info - done\n'}
[0.477741] (rr_evgp) StdoutLine: {'line': b'-- Check for working C compiler: /usr/bin/cc - skipped\n'}
[0.478242] (rr_evgp) StdoutLine: {'line': b'-- Detecting C compile features\n'}
[0.479170] (rr_evgp) StdoutLine: {'line': b'-- Detecting C compile features - done\n'}
[0.485895] (rr_demo) StdoutLine: {'line': b'-- Check for working C compiler: /usr/bin/cc - skipped\n'}
[0.486318] (rr_evgp) StdoutLine: {'line': b'-- Detecting CXX compiler ABI info\n'}
[0.486674] (rr_demo) StdoutLine: {'line': b'-- Detecting C compile features\n'}
[0.487544] (rr_demo) StdoutLine: {'line': b'-- Detecting C compile features - done\n'}
[0.490658] (rr_description) StdoutLine: {'line': b'-- Check for working C compiler: /usr/bin/cc - skipped\n'}
[0.491163] (rr_description) StdoutLine: {'line': b'-- Detecting C compile features\n'}
[0.491789] (rr_msgs) StdoutLine: {'line': b'-- Check for working C compiler: /usr/bin/cc - skipped\n'}
[0.492028] (rr_msgs) StdoutLine: {'line': b'-- Detecting C compile features\n'}
[0.492280] (rr_msgs) StdoutLine: {'line': b'-- Detecting C compile features - done\n'}
[0.492467] (rr_description) StdoutLine: {'line': b'-- Detecting C compile features - done\n'}
[0.500503] (rr_rviz_plugins) StdoutLine: {'line': b'-- Check for working C compiler: /usr/bin/cc - skipped\n'}
[0.500786] (-) TimerEvent: {}
[0.501042] (rr_rviz_plugins) StdoutLine: {'line': b'-- Detecting C compile features\n'}
[0.501242] (rr_demo) StdoutLine: {'line': b'-- Detecting CXX compiler ABI info\n'}
[0.501426] (rr_rviz_plugins) StdoutLine: {'line': b'-- Detecting C compile features - done\n'}
[0.501599] (rr_msgs) StdoutLine: {'line': b'-- Detecting CXX compiler ABI info\n'}
[0.501779] (rr_description) StdoutLine: {'line': b'-- Detecting CXX compiler ABI info\n'}
[0.502863] (rr_iarrc) StdoutLine: {'line': b'-- Detecting C compiler ABI info - done\n'}
[0.503175] (rr_rviz_plugins) StdoutLine: {'line': b'-- Detecting CXX compiler ABI info\n'}
[0.526727] (rr_iarrc) StdoutLine: {'line': b'-- Check for working C compiler: /usr/bin/cc - skipped\n'}
[0.527261] (rr_iarrc) StdoutLine: {'line': b'-- Detecting C compile features\n'}
[0.528245] (rr_iarrc) StdoutLine: {'line': b'-- Detecting C compile features - done\n'}
[0.535614] (rr_iarrc) StdoutLine: {'line': b'-- Detecting CXX compiler ABI info\n'}
[0.600921] (-) TimerEvent: {}
[0.656255] (rr_evgp) StdoutLine: {'line': b'-- Detecting CXX compiler ABI info - done\n'}
[0.660836] (rr_description) StdoutLine: {'line': b'-- Detecting CXX compiler ABI info - done\n'}
[0.664757] (rr_msgs) StdoutLine: {'line': b'-- Detecting CXX compiler ABI info - done\n'}
[0.672366] (rr_demo) StdoutLine: {'line': b'-- Detecting CXX compiler ABI info - done\n'}
[0.681481] (rr_evgp) StdoutLine: {'line': b'-- Check for working CXX compiler: /usr/bin/c++ - skipped\n'}
[0.682158] (rr_evgp) StdoutLine: {'line': b'-- Detecting CXX compile features\n'}
[0.683542] (rr_evgp) StdoutLine: {'line': b'-- Detecting CXX compile features - done\n'}
[0.687225] (rr_msgs) StdoutLine: {'line': b'-- Check for working CXX compiler: /usr/bin/c++ - skipped\n'}
[0.687806] (rr_msgs) StdoutLine: {'line': b'-- Detecting CXX compile features\n'}
[0.688162] (rr_description) StdoutLine: {'line': b'-- Check for working CXX compiler: /usr/bin/c++ - skipped\n'}
[0.688852] (rr_description) StdoutLine: {'line': b'-- Detecting CXX compile features\n'}
[0.689231] (rr_msgs) StdoutLine: {'line': b'-- Detecting CXX compile features - done\n'}
[0.689439] (rr_evgp) StdoutLine: {'line': b'-- Found ament_cmake: 1.3.2 (/opt/ros/humble/share/ament_cmake/cmake)\n'}
[0.690246] (rr_description) StdoutLine: {'line': b'-- Detecting CXX compile features - done\n'}
[0.693464] (rr_msgs) StdoutLine: {'line': b'-- Found ament_cmake: 1.3.2 (/opt/ros/humble/share/ament_cmake/cmake)\n'}
[0.696261] (rr_rviz_plugins) StdoutLine: {'line': b'-- Detecting CXX compiler ABI info - done\n'}
[0.698916] (rr_demo) StdoutLine: {'line': b'-- Check for working CXX compiler: /usr/bin/c++ - skipped\n'}
[0.699492] (rr_demo) StdoutLine: {'line': b'-- Detecting CXX compile features\n'}
[0.700684] (rr_demo) StdoutLine: {'line': b'-- Detecting CXX compile features - done\n'}
[0.700905] (-) TimerEvent: {}
[0.704011] (rr_iarrc) StdoutLine: {'line': b'-- Detecting CXX compiler ABI info - done\n'}
[0.705577] (rr_demo) StdoutLine: {'line': b'-- Found ament_cmake: 1.3.2 (/opt/ros/humble/share/ament_cmake/cmake)\n'}
[0.719006] (rr_iarrc) StdoutLine: {'line': b'-- Check for working CXX compiler: /usr/bin/c++ - skipped\n'}
[0.719715] (rr_iarrc) StdoutLine: {'line': b'-- Detecting CXX compile features\n'}
[0.720909] (rr_iarrc) StdoutLine: {'line': b'-- Detecting CXX compile features - done\n'}
[0.722210] (rr_rviz_plugins) StdoutLine: {'line': b'-- Check for working CXX compiler: /usr/bin/c++ - skipped\n'}
[0.722868] (rr_rviz_plugins) StdoutLine: {'line': b'-- Detecting CXX compile features\n'}
[0.724028] (rr_rviz_plugins) StdoutLine: {'line': b'-- Detecting CXX compile features - done\n'}
[0.726355] (rr_iarrc) StdoutLine: {'line': b'-- Found ament_cmake: 1.3.2 (/opt/ros/humble/share/ament_cmake/cmake)\n'}
[0.728770] (rr_rviz_plugins) StdoutLine: {'line': b'-- Found ament_cmake: 1.3.2 (/opt/ros/humble/share/ament_cmake/cmake)\n'}
[0.749333] (rr_description) StdoutLine: {'line': b'-- Found xacro: 2.0.7 (/opt/ros/humble/share/xacro/cmake)\n'}
[0.763539] (rr_description) StdoutLine: {'line': b'-- Found ament_cmake: 1.3.2 (/opt/ros/humble/share/ament_cmake/cmake)\n'}
[0.801029] (-) TimerEvent: {}
[0.901525] (-) TimerEvent: {}
[1.002034] (-) TimerEvent: {}
[1.074658] (rr_msgs) StdoutLine: {'line': b'-- Found Python3: /usr/bin/python3.10 (found version "3.10.6") found components: Interpreter \n'}
[1.084520] (rr_evgp) StdoutLine: {'line': b'-- Found Python3: /usr/bin/python3.10 (found version "3.10.6") found components: Interpreter \n'}
[1.094824] (rr_demo) StdoutLine: {'line': b'-- Found Python3: /usr/bin/python3.10 (found version "3.10.6") found components: Interpreter \n'}
[1.102146] (-) TimerEvent: {}
[1.108093] (rr_rviz_plugins) StdoutLine: {'line': b'-- Found Python3: /usr/bin/python3.10 (found version "3.10.6") found components: Interpreter \n'}
[1.123277] (rr_iarrc) StdoutLine: {'line': b'-- Found Python3: /usr/bin/python3.10 (found version "3.10.6") found components: Interpreter \n'}
[1.179675] (rr_description) StdoutLine: {'line': b'-- Found Python3: /usr/bin/python3.10 (found version "3.10.6") found components: Interpreter \n'}
[1.202264] (-) TimerEvent: {}
[1.276737] (rr_msgs) StdoutLine: {'line': b'-- Found rosidl_default_generators: 1.2.0 (/opt/ros/humble/share/rosidl_default_generators/cmake)\n'}
[1.282717] (rr_msgs) StdoutLine: {'line': b'-- Using all available rosidl_typesupport_c: rosidl_typesupport_fastrtps_c;rosidl_typesupport_introspection_c\n'}
[1.294032] (rr_msgs) StdoutLine: {'line': b'-- Found rosidl_adapter: 3.1.3 (/opt/ros/humble/share/rosidl_adapter/cmake)\n'}
[1.300503] (rr_evgp) StdoutLine: {'line': b'-- Found ament_lint_auto: 0.12.4 (/opt/ros/humble/share/ament_lint_auto/cmake)\n'}
[1.302372] (-) TimerEvent: {}
[1.302719] (rr_iarrc) StdoutLine: {'line': b'-- Found ament_lint_auto: 0.12.4 (/opt/ros/humble/share/ament_lint_auto/cmake)\n'}
[1.303337] (rr_demo) StdoutLine: {'line': b'-- Found ament_lint_auto: 0.12.4 (/opt/ros/humble/share/ament_lint_auto/cmake)\n'}
[1.320723] (rr_rviz_plugins) StdoutLine: {'line': b'-- Found ament_lint_auto: 0.12.4 (/opt/ros/humble/share/ament_lint_auto/cmake)\n'}
[1.401917] (rr_msgs) StdoutLine: {'line': b'-- Using all available rosidl_typesupport_cpp: rosidl_typesupport_fastrtps_cpp;rosidl_typesupport_introspection_cpp\n'}
[1.402477] (-) TimerEvent: {}
[1.415144] (rr_description) StdoutLine: {'line': b'-- Found velodyne_description: 2.0.2 (/opt/ros/humble/share/velodyne_description/cmake)\n'}
[1.419056] (rr_description) StdoutLine: {'line': b'-- xacro: determining deps for: urdf/evgp.urdf.xacro ...\n'}
[1.496009] (rr_demo) StdoutLine: {'line': b"-- Added test 'copyright' to check source files copyright and LICENSE\n"}
[1.496482] (rr_iarrc) StdoutLine: {'line': b"-- Added test 'copyright' to check source files copyright and LICENSE\n"}
[1.498241] (rr_demo) StdoutLine: {'line': b"-- Added test 'cppcheck' to perform static code analysis on C / C++ code\n"}
[1.498564] (rr_demo) StdoutLine: {'line': b'-- Configured cppcheck include dirs: \n'}
[1.498796] (rr_demo) StdoutLine: {'line': b'-- Configured cppcheck exclude dirs and/or files: \n'}
[1.499400] (rr_iarrc) StdoutLine: {'line': b"-- Added test 'lint_cmake' to check CMake code style\n"}
[1.500289] (rr_demo) StdoutLine: {'line': b"-- Added test 'cpplint' to check C / C++ code against the Google style\n"}
[1.500577] (rr_demo) StdoutLine: {'line': b'-- Configured cpplint exclude dirs and/or files: \n'}
[1.500857] (rr_evgp) StdoutLine: {'line': b"-- Added test 'copyright' to check source files copyright and LICENSE\n"}
[1.501748] (rr_iarrc) StdoutLine: {'line': b"-- Added test 'xmllint' to check XML markup files\n"}
[1.502040] (rr_demo) StdoutLine: {'line': b"-- Added test 'lint_cmake' to check CMake code style\n"}
[1.502560] (-) TimerEvent: {}
[1.503342] (rr_evgp) StdoutLine: {'line': b"-- Added test 'lint_cmake' to check CMake code style\n"}
[1.503706] (rr_demo) StdoutLine: {'line': b"-- Added test 'uncrustify' to check C / C++ code style\n"}
[1.503926] (rr_demo) StdoutLine: {'line': b'-- Configured uncrustify additional arguments: \n'}
[1.504360] (rr_iarrc) StdoutLine: {'line': b'-- Configuring done\n'}
[1.504796] (rr_demo) StdoutLine: {'line': b"-- Added test 'xmllint' to check XML markup files\n"}
[1.505181] (rr_evgp) StdoutLine: {'line': b"-- Added test 'xmllint' to check XML markup files\n"}
[1.507536] (rr_demo) StdoutLine: {'line': b'-- Configuring done\n'}
[1.507897] (rr_evgp) StdoutLine: {'line': b'-- Configuring done\n'}
[1.510874] (rr_rviz_plugins) StdoutLine: {'line': b"-- Added test 'copyright' to check source files copyright and LICENSE\n"}
[1.512123] (rr_iarrc) StdoutLine: {'line': b'-- Generating done\n'}
[1.513831] (rr_rviz_plugins) StdoutLine: {'line': b"-- Added test 'lint_cmake' to check CMake code style\n"}
[1.514733] (rr_evgp) StdoutLine: {'line': b'-- Generating done\n'}
[1.515405] (rr_rviz_plugins) StdoutLine: {'line': b"-- Added test 'xmllint' to check XML markup files\n"}
[1.516027] (rr_iarrc) StdoutLine: {'line': b'-- Build files have been written to: /home/isaac/roboracing_ws/src/roboracing-software/build/rr_iarrc\n'}
[1.517271] (rr_evgp) StdoutLine: {'line': b'-- Build files have been written to: /home/isaac/roboracing_ws/src/roboracing-software/build/rr_evgp\n'}
[1.517744] (rr_demo) StdoutLine: {'line': b'-- Generating done\n'}
[1.518452] (rr_rviz_plugins) StdoutLine: {'line': b'-- Configuring done\n'}
[1.520371] (rr_demo) StdoutLine: {'line': b'-- Build files have been written to: /home/isaac/roboracing_ws/src/roboracing-software/build/rr_demo\n'}
[1.524067] (rr_rviz_plugins) StdoutLine: {'line': b'-- Generating done\n'}
[1.526073] (rr_evgp) CommandEnded: {'returncode': 0}
[1.530381] (rr_msgs) StdoutLine: {'line': b'-- Found std_msgs: 4.2.2 (/opt/ros/humble/share/std_msgs/cmake)\n'}
[1.530683] (rr_rviz_plugins) StdoutLine: {'line': b'-- Build files have been written to: /home/isaac/roboracing_ws/src/roboracing-software/build/rr_rviz_plugins\n'}
[1.530926] (rr_evgp) JobProgress: {'identifier': 'rr_evgp', 'progress': 'build'}
[1.530996] (rr_evgp) Command: {'cmd': ['/usr/bin/cmake', '--build', '/home/isaac/roboracing_ws/src/roboracing-software/build/rr_evgp', '--', '-j8', '-l8'], 'cwd': '/home/isaac/roboracing_ws/src/roboracing-software/build/rr_evgp', 'env': OrderedDict([('GJS_DEBUG_TOPICS', 'JS ERROR;JS LOG'), ('LESSOPEN', '| /usr/bin/lesspipe %s'), ('USER', 'isaac'), ('XDG_SESSION_TYPE', 'x11'), ('SHLVL', '1'), ('LD_LIBRARY_PATH', '/usr/lib/x86_64-linux-gnu/gazebo-11/plugins:/opt/ros/humble/opt/rviz_ogre_vendor/lib:/opt/ros/humble/lib/x86_64-linux-gnu:/opt/ros/humble/lib'), ('HOME', '/home/isaac'), ('CONDA_SHLVL', '0'), ('OLDPWD', '/home/isaac/roboracing_ws'), ('DESKTOP_SESSION', 'ubuntu'), ('GIO_LAUNCHED_DESKTOP_FILE', '/usr/share/applications/terminator.desktop'), ('ROS_PYTHON_VERSION', '3'), ('GNOME_SHELL_SESSION_MODE', 'ubuntu'), ('GTK_MODULES', 'gail:atk-bridge'), ('MANAGERPID', '2093'), ('SYSTEMD_EXEC_PID', '2539'), ('DBUS_SESSION_BUS_ADDRESS', 'unix:path=/run/user/1000/bus'), ('COLORTERM', 'truecolor'), ('_CE_M', ''), ('TERMINATOR_DBUS_NAME', 'net.tenshu.Terminator23558193cd9818af7fe4d2c2f5bd9d00f'), ('GIO_LAUNCHED_DESKTOP_FILE_PID', '8900'), ('MANDATORY_PATH', '/usr/share/gconf/ubuntu.mandatory.path'), ('ROS_DISTRO', 'humble'), ('LOGNAME', 'isaac'), ('JOURNAL_STREAM', '8:31501'), ('_', '/usr/bin/colcon'), ('ROS_VERSION', '2'), ('XDG_SESSION_CLASS', 'user'), ('DEFAULTS_PATH', '/usr/share/gconf/ubuntu.default.path'), ('USERNAME', 'isaac'), ('TERM', 'xterm-256color'), ('GNOME_DESKTOP_SESSION_ID', 'this-is-deprecated'), ('_CE_CONDA', ''), ('ROS_LOCALHOST_ONLY', '0'), ('WINDOWPATH', '2'), ('PATH', '/opt/ros/humble/bin:/home/isaac/anaconda3/condabin:/home/isaac/.local/bin:/usr/local/sbin:/usr/local/bin:/usr/sbin:/usr/bin:/sbin:/bin:/usr/games:/usr/local/games:/snap/bin:/snap/bin'), ('SESSION_MANAGER', 'local/warrior:@/tmp/.ICE-unix/2519,unix/warrior:/tmp/.ICE-unix/2519'), ('INVOCATION_ID', 'a985b6c71be44861a540bdabc55e1d87'), ('XDG_MENU_PREFIX', 'gnome-'), ('XDG_RUNTIME_DIR', '/run/user/1000'), ('DISPLAY', ':1'), ('TERMINATOR_DBUS_PATH', '/net/tenshu/Terminator2'), ('LANG', 'en_US.UTF-8'), ('XDG_CURRENT_DESKTOP', 'ubuntu:GNOME'), ('IBUS_DISABLE_SNOOPER', '1'), ('XMODIFIERS', '@im=ibus'), ('XDG_SESSION_DESKTOP', 'ubuntu'), ('XAUTHORITY', '/run/user/1000/gdm/Xauthority'), ('LS_COLORS', 'rs=0:di=01;34:ln=01;36:mh=00:pi=40;33:so=01;35:do=01;35:bd=40;33;01:cd=40;33;01:or=40;31;01:mi=00:su=37;41:sg=30;43:ca=30;41:tw=30;42:ow=34;42:st=37;44:ex=01;32:*.tar=01;31:*.tgz=01;31:*.arc=01;31:*.arj=01;31:*.taz=01;31:*.lha=01;31:*.lz4=01;31:*.lzh=01;31:*.lzma=01;31:*.tlz=01;31:*.txz=01;31:*.tzo=01;31:*.t7z=01;31:*.zip=01;31:*.z=01;31:*.dz=01;31:*.gz=01;31:*.lrz=01;31:*.lz=01;31:*.lzo=01;31:*.xz=01;31:*.zst=01;31:*.tzst=01;31:*.bz2=01;31:*.bz=01;31:*.tbz=01;31:*.tbz2=01;31:*.tz=01;31:*.deb=01;31:*.rpm=01;31:*.jar=01;31:*.war=01;31:*.ear=01;31:*.sar=01;31:*.rar=01;31:*.alz=01;31:*.ace=01;31:*.zoo=01;31:*.cpio=01;31:*.7z=01;31:*.rz=01;31:*.cab=01;31:*.wim=01;31:*.swm=01;31:*.dwm=01;31:*.esd=01;31:*.jpg=01;35:*.jpeg=01;35:*.mjpg=01;35:*.mjpeg=01;35:*.gif=01;35:*.bmp=01;35:*.pbm=01;35:*.pgm=01;35:*.ppm=01;35:*.tga=01;35:*.xbm=01;35:*.xpm=01;35:*.tif=01;35:*.tiff=01;35:*.png=01;35:*.svg=01;35:*.svgz=01;35:*.mng=01;35:*.pcx=01;35:*.mov=01;35:*.mpg=01;35:*.mpeg=01;35:*.m2v=01;35:*.mkv=01;35:*.webm=01;35:*.webp=01;35:*.ogm=01;35:*.mp4=01;35:*.m4v=01;35:*.mp4v=01;35:*.vob=01;35:*.qt=01;35:*.nuv=01;35:*.wmv=01;35:*.asf=01;35:*.rm=01;35:*.rmvb=01;35:*.flc=01;35:*.avi=01;35:*.fli=01;35:*.flv=01;35:*.gl=01;35:*.dl=01;35:*.xcf=01;35:*.xwd=01;35:*.yuv=01;35:*.cgm=01;35:*.emf=01;35:*.ogv=01;35:*.ogx=01;35:*.aac=00;36:*.au=00;36:*.flac=00;36:*.m4a=00;36:*.mid=00;36:*.midi=00;36:*.mka=00;36:*.mp3=00;36:*.mpc=00;36:*.ogg=00;36:*.ra=00;36:*.wav=00;36:*.oga=00;36:*.opus=00;36:*.spx=00;36:*.xspf=00;36:'), ('SSH_AGENT_LAUNCHER', 'gnome-keyring'), ('SSH_AUTH_SOCK', '/run/user/1000/keyring/ssh'), ('AMENT_PREFIX_PATH', '/opt/ros/humble'), ('CONDA_PYTHON_EXE', '/home/isaac/anaconda3/bin/python'), ('SHELL', '/bin/bash'), ('TERMINATOR_UUID', 'urn:uuid:d38d966b-3c57-45c3-a0f4-e3d94ca193cc'), ('QT_ACCESSIBILITY', '1'), ('GDMSESSION', 'ubuntu'), ('LESSCLOSE', '/usr/bin/lesspipe %s %s'), ('GPG_AGENT_INFO', '/run/user/1000/gnupg/S.gpg-agent:0:1'), ('GJS_DEBUG_OUTPUT', 'stderr'), ('QT_IM_MODULE', 'ibus'), ('PWD', '/home/isaac/roboracing_ws/src/roboracing-software/build/rr_evgp'), ('LC_ALL', 'en_US.UTF-8'), ('XDG_CONFIG_DIRS', '/etc/xdg/xdg-ubuntu:/etc/xdg'), ('CONDA_EXE', '/home/isaac/anaconda3/bin/conda'), ('XDG_DATA_DIRS', '/usr/share/ubuntu:/usr/share/gnome:/usr/local/share/:/usr/share/:/var/lib/snapd/desktop'), ('PYTHONPATH', '/opt/ros/humble/lib/python3.10/site-packages:/opt/ros/humble/local/lib/python3.10/dist-packages'), ('COLCON', '1'), ('VTE_VERSION', '6800'), ('CMAKE_PREFIX_PATH', '/opt/ros/humble')]), 'shell': False}
[1.534988] (rr_iarrc) CommandEnded: {'returncode': 0}
[1.536235] (rr_iarrc) JobProgress: {'identifier': 'rr_iarrc', 'progress': 'build'}
[1.536739] (rr_iarrc) Command: {'cmd': ['/usr/bin/cmake', '--build', '/home/isaac/roboracing_ws/src/roboracing-software/build/rr_iarrc', '--', '-j8', '-l8'], 'cwd': '/home/isaac/roboracing_ws/src/roboracing-software/build/rr_iarrc', 'env': OrderedDict([('GJS_DEBUG_TOPICS', 'JS ERROR;JS LOG'), ('LESSOPEN', '| /usr/bin/lesspipe %s'), ('USER', 'isaac'), ('XDG_SESSION_TYPE', 'x11'), ('SHLVL', '1'), ('LD_LIBRARY_PATH', '/usr/lib/x86_64-linux-gnu/gazebo-11/plugins:/opt/ros/humble/opt/rviz_ogre_vendor/lib:/opt/ros/humble/lib/x86_64-linux-gnu:/opt/ros/humble/lib'), ('HOME', '/home/isaac'), ('CONDA_SHLVL', '0'), ('OLDPWD', '/home/isaac/roboracing_ws'), ('DESKTOP_SESSION', 'ubuntu'), ('GIO_LAUNCHED_DESKTOP_FILE', '/usr/share/applications/terminator.desktop'), ('ROS_PYTHON_VERSION', '3'), ('GNOME_SHELL_SESSION_MODE', 'ubuntu'), ('GTK_MODULES', 'gail:atk-bridge'), ('MANAGERPID', '2093'), ('SYSTEMD_EXEC_PID', '2539'), ('DBUS_SESSION_BUS_ADDRESS', 'unix:path=/run/user/1000/bus'), ('COLORTERM', 'truecolor'), ('_CE_M', ''), ('TERMINATOR_DBUS_NAME', 'net.tenshu.Terminator23558193cd9818af7fe4d2c2f5bd9d00f'), ('GIO_LAUNCHED_DESKTOP_FILE_PID', '8900'), ('MANDATORY_PATH', '/usr/share/gconf/ubuntu.mandatory.path'), ('ROS_DISTRO', 'humble'), ('LOGNAME', 'isaac'), ('JOURNAL_STREAM', '8:31501'), ('_', '/usr/bin/colcon'), ('ROS_VERSION', '2'), ('XDG_SESSION_CLASS', 'user'), ('DEFAULTS_PATH', '/usr/share/gconf/ubuntu.default.path'), ('USERNAME', 'isaac'), ('TERM', 'xterm-256color'), ('GNOME_DESKTOP_SESSION_ID', 'this-is-deprecated'), ('_CE_CONDA', ''), ('ROS_LOCALHOST_ONLY', '0'), ('WINDOWPATH', '2'), ('PATH', '/opt/ros/humble/bin:/home/isaac/anaconda3/condabin:/home/isaac/.local/bin:/usr/local/sbin:/usr/local/bin:/usr/sbin:/usr/bin:/sbin:/bin:/usr/games:/usr/local/games:/snap/bin:/snap/bin'), ('SESSION_MANAGER', 'local/warrior:@/tmp/.ICE-unix/2519,unix/warrior:/tmp/.ICE-unix/2519'), ('INVOCATION_ID', 'a985b6c71be44861a540bdabc55e1d87'), ('XDG_MENU_PREFIX', 'gnome-'), ('XDG_RUNTIME_DIR', '/run/user/1000'), ('DISPLAY', ':1'), ('TERMINATOR_DBUS_PATH', '/net/tenshu/Terminator2'), ('LANG', 'en_US.UTF-8'), ('XDG_CURRENT_DESKTOP', 'ubuntu:GNOME'), ('IBUS_DISABLE_SNOOPER', '1'), ('XMODIFIERS', '@im=ibus'), ('XDG_SESSION_DESKTOP', 'ubuntu'), ('XAUTHORITY', '/run/user/1000/gdm/Xauthority'), ('LS_COLORS', 'rs=0:di=01;34:ln=01;36:mh=00:pi=40;33:so=01;35:do=01;35:bd=40;33;01:cd=40;33;01:or=40;31;01:mi=00:su=37;41:sg=30;43:ca=30;41:tw=30;42:ow=34;42:st=37;44:ex=01;32:*.tar=01;31:*.tgz=01;31:*.arc=01;31:*.arj=01;31:*.taz=01;31:*.lha=01;31:*.lz4=01;31:*.lzh=01;31:*.lzma=01;31:*.tlz=01;31:*.txz=01;31:*.tzo=01;31:*.t7z=01;31:*.zip=01;31:*.z=01;31:*.dz=01;31:*.gz=01;31:*.lrz=01;31:*.lz=01;31:*.lzo=01;31:*.xz=01;31:*.zst=01;31:*.tzst=01;31:*.bz2=01;31:*.bz=01;31:*.tbz=01;31:*.tbz2=01;31:*.tz=01;31:*.deb=01;31:*.rpm=01;31:*.jar=01;31:*.war=01;31:*.ear=01;31:*.sar=01;31:*.rar=01;31:*.alz=01;31:*.ace=01;31:*.zoo=01;31:*.cpio=01;31:*.7z=01;31:*.rz=01;31:*.cab=01;31:*.wim=01;31:*.swm=01;31:*.dwm=01;31:*.esd=01;31:*.jpg=01;35:*.jpeg=01;35:*.mjpg=01;35:*.mjpeg=01;35:*.gif=01;35:*.bmp=01;35:*.pbm=01;35:*.pgm=01;35:*.ppm=01;35:*.tga=01;35:*.xbm=01;35:*.xpm=01;35:*.tif=01;35:*.tiff=01;35:*.png=01;35:*.svg=01;35:*.svgz=01;35:*.mng=01;35:*.pcx=01;35:*.mov=01;35:*.mpg=01;35:*.mpeg=01;35:*.m2v=01;35:*.mkv=01;35:*.webm=01;35:*.webp=01;35:*.ogm=01;35:*.mp4=01;35:*.m4v=01;35:*.mp4v=01;35:*.vob=01;35:*.qt=01;35:*.nuv=01;35:*.wmv=01;35:*.asf=01;35:*.rm=01;35:*.rmvb=01;35:*.flc=01;35:*.avi=01;35:*.fli=01;35:*.flv=01;35:*.gl=01;35:*.dl=01;35:*.xcf=01;35:*.xwd=01;35:*.yuv=01;35:*.cgm=01;35:*.emf=01;35:*.ogv=01;35:*.ogx=01;35:*.aac=00;36:*.au=00;36:*.flac=00;36:*.m4a=00;36:*.mid=00;36:*.midi=00;36:*.mka=00;36:*.mp3=00;36:*.mpc=00;36:*.ogg=00;36:*.ra=00;36:*.wav=00;36:*.oga=00;36:*.opus=00;36:*.spx=00;36:*.xspf=00;36:'), ('SSH_AGENT_LAUNCHER', 'gnome-keyring'), ('SSH_AUTH_SOCK', '/run/user/1000/keyring/ssh'), ('AMENT_PREFIX_PATH', '/opt/ros/humble'), ('CONDA_PYTHON_EXE', '/home/isaac/anaconda3/bin/python'), ('SHELL', '/bin/bash'), ('TERMINATOR_UUID', 'urn:uuid:d38d966b-3c57-45c3-a0f4-e3d94ca193cc'), ('QT_ACCESSIBILITY', '1'), ('GDMSESSION', 'ubuntu'), ('LESSCLOSE', '/usr/bin/lesspipe %s %s'), ('GPG_AGENT_INFO', '/run/user/1000/gnupg/S.gpg-agent:0:1'), ('GJS_DEBUG_OUTPUT', 'stderr'), ('QT_IM_MODULE', 'ibus'), ('PWD', '/home/isaac/roboracing_ws/src/roboracing-software/build/rr_iarrc'), ('LC_ALL', 'en_US.UTF-8'), ('XDG_CONFIG_DIRS', '/etc/xdg/xdg-ubuntu:/etc/xdg'), ('CONDA_EXE', '/home/isaac/anaconda3/bin/conda'), ('XDG_DATA_DIRS', '/usr/share/ubuntu:/usr/share/gnome:/usr/local/share/:/usr/share/:/var/lib/snapd/desktop'), ('PYTHONPATH', '/opt/ros/humble/lib/python3.10/site-packages:/opt/ros/humble/local/lib/python3.10/dist-packages'), ('COLCON', '1'), ('VTE_VERSION', '6800'), ('CMAKE_PREFIX_PATH', '/opt/ros/humble')]), 'shell': False}
[1.539235] (rr_demo) CommandEnded: {'returncode': 0}
[1.540372] (rr_demo) JobProgress: {'identifier': 'rr_demo', 'progress': 'build'}
[1.541150] (rr_demo) Command: {'cmd': ['/usr/bin/cmake', '--build', '/home/isaac/roboracing_ws/src/roboracing-software/build/rr_demo', '--', '-j8', '-l8'], 'cwd': '/home/isaac/roboracing_ws/src/roboracing-software/build/rr_demo', 'env': OrderedDict([('GJS_DEBUG_TOPICS', 'JS ERROR;JS LOG'), ('LESSOPEN', '| /usr/bin/lesspipe %s'), ('USER', 'isaac'), ('XDG_SESSION_TYPE', 'x11'), ('SHLVL', '1'), ('LD_LIBRARY_PATH', '/usr/lib/x86_64-linux-gnu/gazebo-11/plugins:/opt/ros/humble/opt/rviz_ogre_vendor/lib:/opt/ros/humble/lib/x86_64-linux-gnu:/opt/ros/humble/lib'), ('HOME', '/home/isaac'), ('CONDA_SHLVL', '0'), ('OLDPWD', '/home/isaac/roboracing_ws'), ('DESKTOP_SESSION', 'ubuntu'), ('GIO_LAUNCHED_DESKTOP_FILE', '/usr/share/applications/terminator.desktop'), ('ROS_PYTHON_VERSION', '3'), ('GNOME_SHELL_SESSION_MODE', 'ubuntu'), ('GTK_MODULES', 'gail:atk-bridge'), ('MANAGERPID', '2093'), ('SYSTEMD_EXEC_PID', '2539'), ('DBUS_SESSION_BUS_ADDRESS', 'unix:path=/run/user/1000/bus'), ('COLORTERM', 'truecolor'), ('_CE_M', ''), ('TERMINATOR_DBUS_NAME', 'net.tenshu.Terminator23558193cd9818af7fe4d2c2f5bd9d00f'), ('GIO_LAUNCHED_DESKTOP_FILE_PID', '8900'), ('MANDATORY_PATH', '/usr/share/gconf/ubuntu.mandatory.path'), ('ROS_DISTRO', 'humble'), ('LOGNAME', 'isaac'), ('JOURNAL_STREAM', '8:31501'), ('_', '/usr/bin/colcon'), ('ROS_VERSION', '2'), ('XDG_SESSION_CLASS', 'user'), ('DEFAULTS_PATH', '/usr/share/gconf/ubuntu.default.path'), ('USERNAME', 'isaac'), ('TERM', 'xterm-256color'), ('GNOME_DESKTOP_SESSION_ID', 'this-is-deprecated'), ('_CE_CONDA', ''), ('ROS_LOCALHOST_ONLY', '0'), ('WINDOWPATH', '2'), ('PATH', '/opt/ros/humble/bin:/home/isaac/anaconda3/condabin:/home/isaac/.local/bin:/usr/local/sbin:/usr/local/bin:/usr/sbin:/usr/bin:/sbin:/bin:/usr/games:/usr/local/games:/snap/bin:/snap/bin'), ('SESSION_MANAGER', 'local/warrior:@/tmp/.ICE-unix/2519,unix/warrior:/tmp/.ICE-unix/2519'), ('INVOCATION_ID', 'a985b6c71be44861a540bdabc55e1d87'), ('XDG_MENU_PREFIX', 'gnome-'), ('XDG_RUNTIME_DIR', '/run/user/1000'), ('DISPLAY', ':1'), ('TERMINATOR_DBUS_PATH', '/net/tenshu/Terminator2'), ('LANG', 'en_US.UTF-8'), ('XDG_CURRENT_DESKTOP', 'ubuntu:GNOME'), ('IBUS_DISABLE_SNOOPER', '1'), ('XMODIFIERS', '@im=ibus'), ('XDG_SESSION_DESKTOP', 'ubuntu'), ('XAUTHORITY', '/run/user/1000/gdm/Xauthority'), ('LS_COLORS', 'rs=0:di=01;34:ln=01;36:mh=00:pi=40;33:so=01;35:do=01;35:bd=40;33;01:cd=40;33;01:or=40;31;01:mi=00:su=37;41:sg=30;43:ca=30;41:tw=30;42:ow=34;42:st=37;44:ex=01;32:*.tar=01;31:*.tgz=01;31:*.arc=01;31:*.arj=01;31:*.taz=01;31:*.lha=01;31:*.lz4=01;31:*.lzh=01;31:*.lzma=01;31:*.tlz=01;31:*.txz=01;31:*.tzo=01;31:*.t7z=01;31:*.zip=01;31:*.z=01;31:*.dz=01;31:*.gz=01;31:*.lrz=01;31:*.lz=01;31:*.lzo=01;31:*.xz=01;31:*.zst=01;31:*.tzst=01;31:*.bz2=01;31:*.bz=01;31:*.tbz=01;31:*.tbz2=01;31:*.tz=01;31:*.deb=01;31:*.rpm=01;31:*.jar=01;31:*.war=01;31:*.ear=01;31:*.sar=01;31:*.rar=01;31:*.alz=01;31:*.ace=01;31:*.zoo=01;31:*.cpio=01;31:*.7z=01;31:*.rz=01;31:*.cab=01;31:*.wim=01;31:*.swm=01;31:*.dwm=01;31:*.esd=01;31:*.jpg=01;35:*.jpeg=01;35:*.mjpg=01;35:*.mjpeg=01;35:*.gif=01;35:*.bmp=01;35:*.pbm=01;35:*.pgm=01;35:*.ppm=01;35:*.tga=01;35:*.xbm=01;35:*.xpm=01;35:*.tif=01;35:*.tiff=01;35:*.png=01;35:*.svg=01;35:*.svgz=01;35:*.mng=01;35:*.pcx=01;35:*.mov=01;35:*.mpg=01;35:*.mpeg=01;35:*.m2v=01;35:*.mkv=01;35:*.webm=01;35:*.webp=01;35:*.ogm=01;35:*.mp4=01;35:*.m4v=01;35:*.mp4v=01;35:*.vob=01;35:*.qt=01;35:*.nuv=01;35:*.wmv=01;35:*.asf=01;35:*.rm=01;35:*.rmvb=01;35:*.flc=01;35:*.avi=01;35:*.fli=01;35:*.flv=01;35:*.gl=01;35:*.dl=01;35:*.xcf=01;35:*.xwd=01;35:*.yuv=01;35:*.cgm=01;35:*.emf=01;35:*.ogv=01;35:*.ogx=01;35:*.aac=00;36:*.au=00;36:*.flac=00;36:*.m4a=00;36:*.mid=00;36:*.midi=00;36:*.mka=00;36:*.mp3=00;36:*.mpc=00;36:*.ogg=00;36:*.ra=00;36:*.wav=00;36:*.oga=00;36:*.opus=00;36:*.spx=00;36:*.xspf=00;36:'), ('SSH_AGENT_LAUNCHER', 'gnome-keyring'), ('SSH_AUTH_SOCK', '/run/user/1000/keyring/ssh'), ('AMENT_PREFIX_PATH', '/opt/ros/humble'), ('CONDA_PYTHON_EXE', '/home/isaac/anaconda3/bin/python'), ('SHELL', '/bin/bash'), ('TERMINATOR_UUID', 'urn:uuid:d38d966b-3c57-45c3-a0f4-e3d94ca193cc'), ('QT_ACCESSIBILITY', '1'), ('GDMSESSION', 'ubuntu'), ('LESSCLOSE', '/usr/bin/lesspipe %s %s'), ('GPG_AGENT_INFO', '/run/user/1000/gnupg/S.gpg-agent:0:1'), ('GJS_DEBUG_OUTPUT', 'stderr'), ('QT_IM_MODULE', 'ibus'), ('PWD', '/home/isaac/roboracing_ws/src/roboracing-software/build/rr_demo'), ('LC_ALL', 'en_US.UTF-8'), ('XDG_CONFIG_DIRS', '/etc/xdg/xdg-ubuntu:/etc/xdg'), ('CONDA_EXE', '/home/isaac/anaconda3/bin/conda'), ('XDG_DATA_DIRS', '/usr/share/ubuntu:/usr/share/gnome:/usr/local/share/:/usr/share/:/var/lib/snapd/desktop'), ('PYTHONPATH', '/opt/ros/humble/lib/python3.10/site-packages:/opt/ros/humble/local/lib/python3.10/dist-packages'), ('COLCON', '1'), ('VTE_VERSION', '6800'), ('CMAKE_PREFIX_PATH', '/opt/ros/humble')]), 'shell': False}
[1.544204] (rr_rviz_plugins) CommandEnded: {'returncode': 0}
[1.545341] (rr_rviz_plugins) JobProgress: {'identifier': 'rr_rviz_plugins', 'progress': 'build'}
[1.549072] (rr_rviz_plugins) Command: {'cmd': ['/usr/bin/cmake', '--build', '/home/isaac/roboracing_ws/src/roboracing-software/build/rr_rviz_plugins', '--', '-j8', '-l8'], 'cwd': '/home/isaac/roboracing_ws/src/roboracing-software/build/rr_rviz_plugins', 'env': OrderedDict([('GJS_DEBUG_TOPICS', 'JS ERROR;JS LOG'), ('LESSOPEN', '| /usr/bin/lesspipe %s'), ('USER', 'isaac'), ('XDG_SESSION_TYPE', 'x11'), ('SHLVL', '1'), ('LD_LIBRARY_PATH', '/usr/lib/x86_64-linux-gnu/gazebo-11/plugins:/opt/ros/humble/opt/rviz_ogre_vendor/lib:/opt/ros/humble/lib/x86_64-linux-gnu:/opt/ros/humble/lib'), ('HOME', '/home/isaac'), ('CONDA_SHLVL', '0'), ('OLDPWD', '/home/isaac/roboracing_ws'), ('DESKTOP_SESSION', 'ubuntu'), ('GIO_LAUNCHED_DESKTOP_FILE', '/usr/share/applications/terminator.desktop'), ('ROS_PYTHON_VERSION', '3'), ('GNOME_SHELL_SESSION_MODE', 'ubuntu'), ('GTK_MODULES', 'gail:atk-bridge'), ('MANAGERPID', '2093'), ('SYSTEMD_EXEC_PID', '2539'), ('DBUS_SESSION_BUS_ADDRESS', 'unix:path=/run/user/1000/bus'), ('COLORTERM', 'truecolor'), ('_CE_M', ''), ('TERMINATOR_DBUS_NAME', 'net.tenshu.Terminator23558193cd9818af7fe4d2c2f5bd9d00f'), ('GIO_LAUNCHED_DESKTOP_FILE_PID', '8900'), ('MANDATORY_PATH', '/usr/share/gconf/ubuntu.mandatory.path'), ('ROS_DISTRO', 'humble'), ('LOGNAME', 'isaac'), ('JOURNAL_STREAM', '8:31501'), ('_', '/usr/bin/colcon'), ('ROS_VERSION', '2'), ('XDG_SESSION_CLASS', 'user'), ('DEFAULTS_PATH', '/usr/share/gconf/ubuntu.default.path'), ('USERNAME', 'isaac'), ('TERM', 'xterm-256color'), ('GNOME_DESKTOP_SESSION_ID', 'this-is-deprecated'), ('_CE_CONDA', ''), ('ROS_LOCALHOST_ONLY', '0'), ('WINDOWPATH', '2'), ('PATH', '/opt/ros/humble/bin:/home/isaac/anaconda3/condabin:/home/isaac/.local/bin:/usr/local/sbin:/usr/local/bin:/usr/sbin:/usr/bin:/sbin:/bin:/usr/games:/usr/local/games:/snap/bin:/snap/bin'), ('SESSION_MANAGER', 'local/warrior:@/tmp/.ICE-unix/2519,unix/warrior:/tmp/.ICE-unix/2519'), ('INVOCATION_ID', 'a985b6c71be44861a540bdabc55e1d87'), ('XDG_MENU_PREFIX', 'gnome-'), ('XDG_RUNTIME_DIR', '/run/user/1000'), ('DISPLAY', ':1'), ('TERMINATOR_DBUS_PATH', '/net/tenshu/Terminator2'), ('LANG', 'en_US.UTF-8'), ('XDG_CURRENT_DESKTOP', 'ubuntu:GNOME'), ('IBUS_DISABLE_SNOOPER', '1'), ('XMODIFIERS', '@im=ibus'), ('XDG_SESSION_DESKTOP', 'ubuntu'), ('XAUTHORITY', '/run/user/1000/gdm/Xauthority'), ('LS_COLORS', 'rs=0:di=01;34:ln=01;36:mh=00:pi=40;33:so=01;35:do=01;35:bd=40;33;01:cd=40;33;01:or=40;31;01:mi=00:su=37;41:sg=30;43:ca=30;41:tw=30;42:ow=34;42:st=37;44:ex=01;32:*.tar=01;31:*.tgz=01;31:*.arc=01;31:*.arj=01;31:*.taz=01;31:*.lha=01;31:*.lz4=01;31:*.lzh=01;31:*.lzma=01;31:*.tlz=01;31:*.txz=01;31:*.tzo=01;31:*.t7z=01;31:*.zip=01;31:*.z=01;31:*.dz=01;31:*.gz=01;31:*.lrz=01;31:*.lz=01;31:*.lzo=01;31:*.xz=01;31:*.zst=01;31:*.tzst=01;31:*.bz2=01;31:*.bz=01;31:*.tbz=01;31:*.tbz2=01;31:*.tz=01;31:*.deb=01;31:*.rpm=01;31:*.jar=01;31:*.war=01;31:*.ear=01;31:*.sar=01;31:*.rar=01;31:*.alz=01;31:*.ace=01;31:*.zoo=01;31:*.cpio=01;31:*.7z=01;31:*.rz=01;31:*.cab=01;31:*.wim=01;31:*.swm=01;31:*.dwm=01;31:*.esd=01;31:*.jpg=01;35:*.jpeg=01;35:*.mjpg=01;35:*.mjpeg=01;35:*.gif=01;35:*.bmp=01;35:*.pbm=01;35:*.pgm=01;35:*.ppm=01;35:*.tga=01;35:*.xbm=01;35:*.xpm=01;35:*.tif=01;35:*.tiff=01;35:*.png=01;35:*.svg=01;35:*.svgz=01;35:*.mng=01;35:*.pcx=01;35:*.mov=01;35:*.mpg=01;35:*.mpeg=01;35:*.m2v=01;35:*.mkv=01;35:*.webm=01;35:*.webp=01;35:*.ogm=01;35:*.mp4=01;35:*.m4v=01;35:*.mp4v=01;35:*.vob=01;35:*.qt=01;35:*.nuv=01;35:*.wmv=01;35:*.asf=01;35:*.rm=01;35:*.rmvb=01;35:*.flc=01;35:*.avi=01;35:*.fli=01;35:*.flv=01;35:*.gl=01;35:*.dl=01;35:*.xcf=01;35:*.xwd=01;35:*.yuv=01;35:*.cgm=01;35:*.emf=01;35:*.ogv=01;35:*.ogx=01;35:*.aac=00;36:*.au=00;36:*.flac=00;36:*.m4a=00;36:*.mid=00;36:*.midi=00;36:*.mka=00;36:*.mp3=00;36:*.mpc=00;36:*.ogg=00;36:*.ra=00;36:*.wav=00;36:*.oga=00;36:*.opus=00;36:*.spx=00;36:*.xspf=00;36:'), ('SSH_AGENT_LAUNCHER', 'gnome-keyring'), ('SSH_AUTH_SOCK', '/run/user/1000/keyring/ssh'), ('AMENT_PREFIX_PATH', '/opt/ros/humble'), ('CONDA_PYTHON_EXE', '/home/isaac/anaconda3/bin/python'), ('SHELL', '/bin/bash'), ('TERMINATOR_UUID', 'urn:uuid:d38d966b-3c57-45c3-a0f4-e3d94ca193cc'), ('QT_ACCESSIBILITY', '1'), ('GDMSESSION', 'ubuntu'), ('LESSCLOSE', '/usr/bin/lesspipe %s %s'), ('GPG_AGENT_INFO', '/run/user/1000/gnupg/S.gpg-agent:0:1'), ('GJS_DEBUG_OUTPUT', 'stderr'), ('QT_IM_MODULE', 'ibus'), ('PWD', '/home/isaac/roboracing_ws/src/roboracing-software/build/rr_rviz_plugins'), ('LC_ALL', 'en_US.UTF-8'), ('XDG_CONFIG_DIRS', '/etc/xdg/xdg-ubuntu:/etc/xdg'), ('CONDA_EXE', '/home/isaac/anaconda3/bin/conda'), ('XDG_DATA_DIRS', '/usr/share/ubuntu:/usr/share/gnome:/usr/local/share/:/usr/share/:/var/lib/snapd/desktop'), ('PYTHONPATH', '/opt/ros/humble/lib/python3.10/site-packages:/opt/ros/humble/local/lib/python3.10/dist-packages'), ('COLCON', '1'), ('VTE_VERSION', '6800'), ('CMAKE_PREFIX_PATH', '/opt/ros/humble')]), 'shell': False}
[1.602686] (-) TimerEvent: {}
[1.610413] (rr_evgp) CommandEnded: {'returncode': 0}
[1.615066] (rr_iarrc) CommandEnded: {'returncode': 0}
[1.656612] (rr_demo) StdoutLine: {'line': b'[ 50%] \x1b[32mBuilding CXX object CMakeFiles/rr_demo.dir/src/driver.cpp.o\x1b[0m\n'}
[1.658096] (rr_evgp) JobProgress: {'identifier': 'rr_evgp', 'progress': 'install'}
[1.676628] (rr_evgp) Command: {'cmd': ['/usr/bin/cmake', '--install', '/home/isaac/roboracing_ws/src/roboracing-software/build/rr_evgp'], 'cwd': '/home/isaac/roboracing_ws/src/roboracing-software/build/rr_evgp', 'env': OrderedDict([('GJS_DEBUG_TOPICS', 'JS ERROR;JS LOG'), ('LESSOPEN', '| /usr/bin/lesspipe %s'), ('USER', 'isaac'), ('XDG_SESSION_TYPE', 'x11'), ('SHLVL', '1'), ('LD_LIBRARY_PATH', '/usr/lib/x86_64-linux-gnu/gazebo-11/plugins:/opt/ros/humble/opt/rviz_ogre_vendor/lib:/opt/ros/humble/lib/x86_64-linux-gnu:/opt/ros/humble/lib'), ('HOME', '/home/isaac'), ('CONDA_SHLVL', '0'), ('OLDPWD', '/home/isaac/roboracing_ws'), ('DESKTOP_SESSION', 'ubuntu'), ('GIO_LAUNCHED_DESKTOP_FILE', '/usr/share/applications/terminator.desktop'), ('ROS_PYTHON_VERSION', '3'), ('GNOME_SHELL_SESSION_MODE', 'ubuntu'), ('GTK_MODULES', 'gail:atk-bridge'), ('MANAGERPID', '2093'), ('SYSTEMD_EXEC_PID', '2539'), ('DBUS_SESSION_BUS_ADDRESS', 'unix:path=/run/user/1000/bus'), ('COLORTERM', 'truecolor'), ('_CE_M', ''), ('TERMINATOR_DBUS_NAME', 'net.tenshu.Terminator23558193cd9818af7fe4d2c2f5bd9d00f'), ('GIO_LAUNCHED_DESKTOP_FILE_PID', '8900'), ('MANDATORY_PATH', '/usr/share/gconf/ubuntu.mandatory.path'), ('ROS_DISTRO', 'humble'), ('LOGNAME', 'isaac'), ('JOURNAL_STREAM', '8:31501'), ('_', '/usr/bin/colcon'), ('ROS_VERSION', '2'), ('XDG_SESSION_CLASS', 'user'), ('DEFAULTS_PATH', '/usr/share/gconf/ubuntu.default.path'), ('USERNAME', 'isaac'), ('TERM', 'xterm-256color'), ('GNOME_DESKTOP_SESSION_ID', 'this-is-deprecated'), ('_CE_CONDA', ''), ('ROS_LOCALHOST_ONLY', '0'), ('WINDOWPATH', '2'), ('PATH', '/opt/ros/humble/bin:/home/isaac/anaconda3/condabin:/home/isaac/.local/bin:/usr/local/sbin:/usr/local/bin:/usr/sbin:/usr/bin:/sbin:/bin:/usr/games:/usr/local/games:/snap/bin:/snap/bin'), ('SESSION_MANAGER', 'local/warrior:@/tmp/.ICE-unix/2519,unix/warrior:/tmp/.ICE-unix/2519'), ('INVOCATION_ID', 'a985b6c71be44861a540bdabc55e1d87'), ('XDG_MENU_PREFIX', 'gnome-'), ('XDG_RUNTIME_DIR', '/run/user/1000'), ('DISPLAY', ':1'), ('TERMINATOR_DBUS_PATH', '/net/tenshu/Terminator2'), ('LANG', 'en_US.UTF-8'), ('XDG_CURRENT_DESKTOP', 'ubuntu:GNOME'), ('IBUS_DISABLE_SNOOPER', '1'), ('XMODIFIERS', '@im=ibus'), ('XDG_SESSION_DESKTOP', 'ubuntu'), ('XAUTHORITY', '/run/user/1000/gdm/Xauthority'), ('LS_COLORS', 'rs=0:di=01;34:ln=01;36:mh=00:pi=40;33:so=01;35:do=01;35:bd=40;33;01:cd=40;33;01:or=40;31;01:mi=00:su=37;41:sg=30;43:ca=30;41:tw=30;42:ow=34;42:st=37;44:ex=01;32:*.tar=01;31:*.tgz=01;31:*.arc=01;31:*.arj=01;31:*.taz=01;31:*.lha=01;31:*.lz4=01;31:*.lzh=01;31:*.lzma=01;31:*.tlz=01;31:*.txz=01;31:*.tzo=01;31:*.t7z=01;31:*.zip=01;31:*.z=01;31:*.dz=01;31:*.gz=01;31:*.lrz=01;31:*.lz=01;31:*.lzo=01;31:*.xz=01;31:*.zst=01;31:*.tzst=01;31:*.bz2=01;31:*.bz=01;31:*.tbz=01;31:*.tbz2=01;31:*.tz=01;31:*.deb=01;31:*.rpm=01;31:*.jar=01;31:*.war=01;31:*.ear=01;31:*.sar=01;31:*.rar=01;31:*.alz=01;31:*.ace=01;31:*.zoo=01;31:*.cpio=01;31:*.7z=01;31:*.rz=01;31:*.cab=01;31:*.wim=01;31:*.swm=01;31:*.dwm=01;31:*.esd=01;31:*.jpg=01;35:*.jpeg=01;35:*.mjpg=01;35:*.mjpeg=01;35:*.gif=01;35:*.bmp=01;35:*.pbm=01;35:*.pgm=01;35:*.ppm=01;35:*.tga=01;35:*.xbm=01;35:*.xpm=01;35:*.tif=01;35:*.tiff=01;35:*.png=01;35:*.svg=01;35:*.svgz=01;35:*.mng=01;35:*.pcx=01;35:*.mov=01;35:*.mpg=01;35:*.mpeg=01;35:*.m2v=01;35:*.mkv=01;35:*.webm=01;35:*.webp=01;35:*.ogm=01;35:*.mp4=01;35:*.m4v=01;35:*.mp4v=01;35:*.vob=01;35:*.qt=01;35:*.nuv=01;35:*.wmv=01;35:*.asf=01;35:*.rm=01;35:*.rmvb=01;35:*.flc=01;35:*.avi=01;35:*.fli=01;35:*.flv=01;35:*.gl=01;35:*.dl=01;35:*.xcf=01;35:*.xwd=01;35:*.yuv=01;35:*.cgm=01;35:*.emf=01;35:*.ogv=01;35:*.ogx=01;35:*.aac=00;36:*.au=00;36:*.flac=00;36:*.m4a=00;36:*.mid=00;36:*.midi=00;36:*.mka=00;36:*.mp3=00;36:*.mpc=00;36:*.ogg=00;36:*.ra=00;36:*.wav=00;36:*.oga=00;36:*.opus=00;36:*.spx=00;36:*.xspf=00;36:'), ('SSH_AGENT_LAUNCHER', 'gnome-keyring'), ('SSH_AUTH_SOCK', '/run/user/1000/keyring/ssh'), ('AMENT_PREFIX_PATH', '/opt/ros/humble'), ('CONDA_PYTHON_EXE', '/home/isaac/anaconda3/bin/python'), ('SHELL', '/bin/bash'), ('TERMINATOR_UUID', 'urn:uuid:d38d966b-3c57-45c3-a0f4-e3d94ca193cc'), ('QT_ACCESSIBILITY', '1'), ('GDMSESSION', 'ubuntu'), ('LESSCLOSE', '/usr/bin/lesspipe %s %s'), ('GPG_AGENT_INFO', '/run/user/1000/gnupg/S.gpg-agent:0:1'), ('GJS_DEBUG_OUTPUT', 'stderr'), ('QT_IM_MODULE', 'ibus'), ('PWD', '/home/isaac/roboracing_ws/src/roboracing-software/build/rr_evgp'), ('LC_ALL', 'en_US.UTF-8'), ('XDG_CONFIG_DIRS', '/etc/xdg/xdg-ubuntu:/etc/xdg'), ('CONDA_EXE', '/home/isaac/anaconda3/bin/conda'), ('XDG_DATA_DIRS', '/usr/share/ubuntu:/usr/share/gnome:/usr/local/share/:/usr/share/:/var/lib/snapd/desktop'), ('PYTHONPATH', '/opt/ros/humble/lib/python3.10/site-packages:/opt/ros/humble/local/lib/python3.10/dist-packages'), ('COLCON', '1'), ('VTE_VERSION', '6800'), ('CMAKE_PREFIX_PATH', '/opt/ros/humble')]), 'shell': False}
[1.680167] (rr_rviz_plugins) CommandEnded: {'returncode': 0}
[1.692316] (rr_iarrc) JobProgress: {'identifier': 'rr_iarrc', 'progress': 'install'}
[1.692428] (rr_iarrc) Command: {'cmd': ['/usr/bin/cmake', '--install', '/home/isaac/roboracing_ws/src/roboracing-software/build/rr_iarrc'], 'cwd': '/home/isaac/roboracing_ws/src/roboracing-software/build/rr_iarrc', 'env': OrderedDict([('GJS_DEBUG_TOPICS', 'JS ERROR;JS LOG'), ('LESSOPEN', '| /usr/bin/lesspipe %s'), ('USER', 'isaac'), ('XDG_SESSION_TYPE', 'x11'), ('SHLVL', '1'), ('LD_LIBRARY_PATH', '/usr/lib/x86_64-linux-gnu/gazebo-11/plugins:/opt/ros/humble/opt/rviz_ogre_vendor/lib:/opt/ros/humble/lib/x86_64-linux-gnu:/opt/ros/humble/lib'), ('HOME', '/home/isaac'), ('CONDA_SHLVL', '0'), ('OLDPWD', '/home/isaac/roboracing_ws'), ('DESKTOP_SESSION', 'ubuntu'), ('GIO_LAUNCHED_DESKTOP_FILE', '/usr/share/applications/terminator.desktop'), ('ROS_PYTHON_VERSION', '3'), ('GNOME_SHELL_SESSION_MODE', 'ubuntu'), ('GTK_MODULES', 'gail:atk-bridge'), ('MANAGERPID', '2093'), ('SYSTEMD_EXEC_PID', '2539'), ('DBUS_SESSION_BUS_ADDRESS', 'unix:path=/run/user/1000/bus'), ('COLORTERM', 'truecolor'), ('_CE_M', ''), ('TERMINATOR_DBUS_NAME', 'net.tenshu.Terminator23558193cd9818af7fe4d2c2f5bd9d00f'), ('GIO_LAUNCHED_DESKTOP_FILE_PID', '8900'), ('MANDATORY_PATH', '/usr/share/gconf/ubuntu.mandatory.path'), ('ROS_DISTRO', 'humble'), ('LOGNAME', 'isaac'), ('JOURNAL_STREAM', '8:31501'), ('_', '/usr/bin/colcon'), ('ROS_VERSION', '2'), ('XDG_SESSION_CLASS', 'user'), ('DEFAULTS_PATH', '/usr/share/gconf/ubuntu.default.path'), ('USERNAME', 'isaac'), ('TERM', 'xterm-256color'), ('GNOME_DESKTOP_SESSION_ID', 'this-is-deprecated'), ('_CE_CONDA', ''), ('ROS_LOCALHOST_ONLY', '0'), ('WINDOWPATH', '2'), ('PATH', '/opt/ros/humble/bin:/home/isaac/anaconda3/condabin:/home/isaac/.local/bin:/usr/local/sbin:/usr/local/bin:/usr/sbin:/usr/bin:/sbin:/bin:/usr/games:/usr/local/games:/snap/bin:/snap/bin'), ('SESSION_MANAGER', 'local/warrior:@/tmp/.ICE-unix/2519,unix/warrior:/tmp/.ICE-unix/2519'), ('INVOCATION_ID', 'a985b6c71be44861a540bdabc55e1d87'), ('XDG_MENU_PREFIX', 'gnome-'), ('XDG_RUNTIME_DIR', '/run/user/1000'), ('DISPLAY', ':1'), ('TERMINATOR_DBUS_PATH', '/net/tenshu/Terminator2'), ('LANG', 'en_US.UTF-8'), ('XDG_CURRENT_DESKTOP', 'ubuntu:GNOME'), ('IBUS_DISABLE_SNOOPER', '1'), ('XMODIFIERS', '@im=ibus'), ('XDG_SESSION_DESKTOP', 'ubuntu'), ('XAUTHORITY', '/run/user/1000/gdm/Xauthority'), ('LS_COLORS', 'rs=0:di=01;34:ln=01;36:mh=00:pi=40;33:so=01;35:do=01;35:bd=40;33;01:cd=40;33;01:or=40;31;01:mi=00:su=37;41:sg=30;43:ca=30;41:tw=30;42:ow=34;42:st=37;44:ex=01;32:*.tar=01;31:*.tgz=01;31:*.arc=01;31:*.arj=01;31:*.taz=01;31:*.lha=01;31:*.lz4=01;31:*.lzh=01;31:*.lzma=01;31:*.tlz=01;31:*.txz=01;31:*.tzo=01;31:*.t7z=01;31:*.zip=01;31:*.z=01;31:*.dz=01;31:*.gz=01;31:*.lrz=01;31:*.lz=01;31:*.lzo=01;31:*.xz=01;31:*.zst=01;31:*.tzst=01;31:*.bz2=01;31:*.bz=01;31:*.tbz=01;31:*.tbz2=01;31:*.tz=01;31:*.deb=01;31:*.rpm=01;31:*.jar=01;31:*.war=01;31:*.ear=01;31:*.sar=01;31:*.rar=01;31:*.alz=01;31:*.ace=01;31:*.zoo=01;31:*.cpio=01;31:*.7z=01;31:*.rz=01;31:*.cab=01;31:*.wim=01;31:*.swm=01;31:*.dwm=01;31:*.esd=01;31:*.jpg=01;35:*.jpeg=01;35:*.mjpg=01;35:*.mjpeg=01;35:*.gif=01;35:*.bmp=01;35:*.pbm=01;35:*.pgm=01;35:*.ppm=01;35:*.tga=01;35:*.xbm=01;35:*.xpm=01;35:*.tif=01;35:*.tiff=01;35:*.png=01;35:*.svg=01;35:*.svgz=01;35:*.mng=01;35:*.pcx=01;35:*.mov=01;35:*.mpg=01;35:*.mpeg=01;35:*.m2v=01;35:*.mkv=01;35:*.webm=01;35:*.webp=01;35:*.ogm=01;35:*.mp4=01;35:*.m4v=01;35:*.mp4v=01;35:*.vob=01;35:*.qt=01;35:*.nuv=01;35:*.wmv=01;35:*.asf=01;35:*.rm=01;35:*.rmvb=01;35:*.flc=01;35:*.avi=01;35:*.fli=01;35:*.flv=01;35:*.gl=01;35:*.dl=01;35:*.xcf=01;35:*.xwd=01;35:*.yuv=01;35:*.cgm=01;35:*.emf=01;35:*.ogv=01;35:*.ogx=01;35:*.aac=00;36:*.au=00;36:*.flac=00;36:*.m4a=00;36:*.mid=00;36:*.midi=00;36:*.mka=00;36:*.mp3=00;36:*.mpc=00;36:*.ogg=00;36:*.ra=00;36:*.wav=00;36:*.oga=00;36:*.opus=00;36:*.spx=00;36:*.xspf=00;36:'), ('SSH_AGENT_LAUNCHER', 'gnome-keyring'), ('SSH_AUTH_SOCK', '/run/user/1000/keyring/ssh'), ('AMENT_PREFIX_PATH', '/opt/ros/humble'), ('CONDA_PYTHON_EXE', '/home/isaac/anaconda3/bin/python'), ('SHELL', '/bin/bash'), ('TERMINATOR_UUID', 'urn:uuid:d38d966b-3c57-45c3-a0f4-e3d94ca193cc'), ('QT_ACCESSIBILITY', '1'), ('GDMSESSION', 'ubuntu'), ('LESSCLOSE', '/usr/bin/lesspipe %s %s'), ('GPG_AGENT_INFO', '/run/user/1000/gnupg/S.gpg-agent:0:1'), ('GJS_DEBUG_OUTPUT', 'stderr'), ('QT_IM_MODULE', 'ibus'), ('PWD', '/home/isaac/roboracing_ws/src/roboracing-software/build/rr_iarrc'), ('LC_ALL', 'en_US.UTF-8'), ('XDG_CONFIG_DIRS', '/etc/xdg/xdg-ubuntu:/etc/xdg'), ('CONDA_EXE', '/home/isaac/anaconda3/bin/conda'), ('XDG_DATA_DIRS', '/usr/share/ubuntu:/usr/share/gnome:/usr/local/share/:/usr/share/:/var/lib/snapd/desktop'), ('PYTHONPATH', '/opt/ros/humble/lib/python3.10/site-packages:/opt/ros/humble/local/lib/python3.10/dist-packages'), ('COLCON', '1'), ('VTE_VERSION', '6800'), ('CMAKE_PREFIX_PATH', '/opt/ros/humble')]), 'shell': False}
[1.693605] (rr_evgp) StdoutLine: {'line': b'-- Install configuration: ""\n'}
[1.694541] (rr_evgp) StdoutLine: {'line': b'-- Installing: /home/isaac/roboracing_ws/src/roboracing-software/install/rr_evgp/share/ament_index/resource_index/package_run_dependencies/rr_evgp\n'}
[1.694755] (rr_evgp) StdoutLine: {'line': b'-- Installing: /home/isaac/roboracing_ws/src/roboracing-software/install/rr_evgp/share/ament_index/resource_index/parent_prefix_path/rr_evgp\n'}
[1.694947] (rr_evgp) StdoutLine: {'line': b'-- Installing: /home/isaac/roboracing_ws/src/roboracing-software/install/rr_evgp/share/rr_evgp/environment/ament_prefix_path.sh\n'}
[1.695126] (rr_evgp) StdoutLine: {'line': b'-- Installing: /home/isaac/roboracing_ws/src/roboracing-software/install/rr_evgp/share/rr_evgp/environment/ament_prefix_path.dsv\n'}
[1.695304] (rr_evgp) StdoutLine: {'line': b'-- Installing: /home/isaac/roboracing_ws/src/roboracing-software/install/rr_evgp/share/rr_evgp/environment/path.sh\n'}
[1.695478] (rr_evgp) StdoutLine: {'line': b'-- Installing: /home/isaac/roboracing_ws/src/roboracing-software/install/rr_evgp/share/rr_evgp/environment/path.dsv\n'}
[1.695655] (rr_evgp) StdoutLine: {'line': b'-- Installing: /home/isaac/roboracing_ws/src/roboracing-software/install/rr_evgp/share/rr_evgp/local_setup.bash\n'}
[1.695861] (rr_evgp) StdoutLine: {'line': b'-- Installing: /home/isaac/roboracing_ws/src/roboracing-software/install/rr_evgp/share/rr_evgp/local_setup.sh\n'}
[1.696041] (rr_evgp) StdoutLine: {'line': b'-- Installing: /home/isaac/roboracing_ws/src/roboracing-software/install/rr_evgp/share/rr_evgp/local_setup.zsh\n'}
[1.696213] (rr_evgp) StdoutLine: {'line': b'-- Installing: /home/isaac/roboracing_ws/src/roboracing-software/install/rr_evgp/share/rr_evgp/local_setup.dsv\n'}
[1.696489] (rr_evgp) StdoutLine: {'line': b'-- Installing: /home/isaac/roboracing_ws/src/roboracing-software/install/rr_evgp/share/rr_evgp/package.dsv\n'}
[1.696703] (rr_evgp) StdoutLine: {'line': b'-- Installing: /home/isaac/roboracing_ws/src/roboracing-software/install/rr_evgp/share/ament_index/resource_index/packages/rr_evgp\n'}
[1.696878] (rr_evgp) StdoutLine: {'line': b'-- Installing: /home/isaac/roboracing_ws/src/roboracing-software/install/rr_evgp/share/rr_evgp/cmake/rr_evgpConfig.cmake\n'}
[1.697051] (rr_evgp) StdoutLine: {'line': b'-- Installing: /home/isaac/roboracing_ws/src/roboracing-software/install/rr_evgp/share/rr_evgp/cmake/rr_evgpConfig-version.cmake\n'}
[1.697256] (rr_evgp) StdoutLine: {'line': b'-- Installing: /home/isaac/roboracing_ws/src/roboracing-software/install/rr_evgp/share/rr_evgp/package.xml\n'}
[1.704249] (rr_evgp) CommandEnded: {'returncode': 0}
[1.705113] (-) TimerEvent: {}
[1.734498] (rr_description) StderrLine: {'line': b'\x1b[33mCMake Warning at /opt/ros/humble/share/xacro/cmake/xacro-extras.cmake:74 (message):\n'}
[1.741351] (rr_description) StderrLine: {'line': b'  failed to determine deps for: urdf/evgp.urdf.xacro\n'}
[1.741574] (rr_description) StderrLine: {'line': b'\n'}
[1.741769] (rr_description) StderrLine: {'line': b'  Traceback (most recent call last):\n'}
[1.741957] (rr_description) StderrLine: {'line': b'\n'}
[1.742137] (rr_description) StderrLine: {'line': b'    File "/opt/ros/humble/local/lib/python3.10/dist-packages/xacro/__init__.py", line 984, in parse\n'}
[1.742330] (rr_description) StderrLine: {'line': b'      inp = f = open(filename)\n'}
[1.742519] (rr_description) StderrLine: {'line': b'\n'}
[1.742732] (rr_description) StderrLine: {'line': b'  FileNotFoundError: [Errno 2] No such file or directory:\n'}
[1.743025] (rr_description) StderrLine: {'line': b"  'urdf/evgp.urdf.xacro'\n"}
[1.743222] (rr_description) StderrLine: {'line': b'\n'}
[1.743490] (rr_description) StderrLine: {'line': b'  \n'}
[1.743819] (rr_description) StderrLine: {'line': b'\n'}
[1.744140] (rr_description) StderrLine: {'line': b'  During handling of the above exception, another exception occurred:\n'}
[1.744329] (rr_description) StderrLine: {'line': b'\n'}
[1.744731] (rr_description) StderrLine: {'line': b'  \n'}
[1.745052] (rr_description) StderrLine: {'line': b'\n'}
[1.745363] (rr_description) StderrLine: {'line': b'  Traceback (most recent call last):\n'}
[1.745572] (rr_description) StderrLine: {'line': b'\n'}
[1.745837] (rr_description) StderrLine: {'line': b'    File "/opt/ros/humble/local/lib/python3.10/dist-packages/xacro/__init__.py", line 1092, in _process\n'}
[1.746564] (rr_description) StderrLine: {'line': b'      doc = process_file(input_file_name, **opts)\n'}
[1.746836] (rr_description) StderrLine: {'line': b'    File "/opt/ros/humble/local/lib/python3.10/dist-packages/xacro/__init__.py", line 1072, in process_file\n'}
[1.747274] (rr_description) StderrLine: {'line': b'      doc = parse(None, input_file_name)\n'}
[1.747483] (rr_description) StderrLine: {'line': b'    File "/opt/ros/humble/local/lib/python3.10/dist-packages/xacro/__init__.py", line 988, in parse\n'}
[1.747731] (rr_description) StderrLine: {'line': b'      raise XacroException(e.strerror + ": " + e.filename, exc=e)\n'}
[1.747933] (rr_description) StderrLine: {'line': b'\n'}
[1.748120] (rr_description) StderrLine: {'line': b'  xacro.XacroException: No such file or directory: urdf/evgp.urdf.xacro\n'}
[1.748315] (rr_description) StderrLine: {'line': b"  [Errno 2] No such file or directory: 'urdf/evgp.urdf.xacro'\n"}
[1.748514] (rr_description) StderrLine: {'line': b'\n'}
[1.748704] (rr_description) StderrLine: {'line': b'  \n'}
[1.748885] (rr_description) StderrLine: {'line': b'\n'}
[1.749086] (rr_description) StderrLine: {'line': b'  During handling of the above exception, another exception occurred:\n'}
[1.749275] (rr_description) StderrLine: {'line': b'\n'}
[1.749463] (rr_description) StderrLine: {'line': b'  \n'}
[1.749676] (rr_description) StderrLine: {'line': b'\n'}
[1.749874] (rr_description) StderrLine: {'line': b'  Traceback (most recent call last):\n'}
[1.750058] (rr_description) StderrLine: {'line': b'\n'}
[1.750258] (rr_description) StderrLine: {'line': b'    File "/opt/ros/humble/bin/xacro", line 33, in <module>\n'}
[1.750458] (rr_description) StderrLine: {'line': b'      xacro.main()\n'}
[1.750646] (rr_description) StderrLine: {'line': b'    File "/opt/ros/humble/local/lib/python3.10/dist-packages/xacro/__init__.py", line 1145, in main\n'}
[1.750843] (rr_description) StderrLine: {'line': b'      _process(input_file_name, vars(opts))\n'}
[1.751035] (rr_description) StderrLine: {'line': b'    File "/opt/ros/humble/local/lib/python3.10/dist-packages/xacro/__init__.py", line 1097, in _process\n'}
[1.751231] (rr_description) StderrLine: {'line': b'      except xml.parsers.expat.ExpatError as e:\n'}
[1.751521] (rr_description) StderrLine: {'line': b'\n'}
[1.758798] (rr_description) StderrLine: {'line': b"  AttributeError: module 'xml' has no attribute 'parsers'\n"}
[1.759090] (rr_description) StderrLine: {'line': b'\n'}
[1.759337] (rr_description) StderrLine: {'line': b'Call Stack (most recent call first):\n'}
[1.759577] (rr_description) StderrLine: {'line': b'  /opt/ros/humble/share/xacro/cmake/xacro-extras.cmake:133 (xacro_add_xacro_file)\n'}
[1.759802] (rr_description) StderrLine: {'line': b'  CMakeLists.txt:11 (xacro_add_files)\n'}
[1.760039] (rr_description) StderrLine: {'line': b'\n'}
[1.760261] (rr_description) StderrLine: {'line': b'\x1b[0m\n'}
[1.760458] (rr_description) StdoutLine: {'line': b'-- xacro: determining deps for: urdf/opponents/evgp_opponent_0.urdf.xacro ...\n'}
[1.760677] (rr_demo) StdoutLine: {'line': b'[100%] \x1b[32m\x1b[1mLinking CXX shared library librr_demo.so\x1b[0m\n'}
[1.760899] (rr_iarrc) StdoutLine: {'line': b'-- Install configuration: ""\n'}
[1.761117] (rr_iarrc) StdoutLine: {'line': b'-- Installing: /home/isaac/roboracing_ws/src/roboracing-software/install/rr_iarrc/share/ament_index/resource_index/package_run_dependencies/rr_iarrc\n'}
[1.761326] (rr_iarrc) StdoutLine: {'line': b'-- Installing: /home/isaac/roboracing_ws/src/roboracing-software/install/rr_iarrc/share/ament_index/resource_index/parent_prefix_path/rr_iarrc\n'}
[1.769952] (rr_iarrc) StdoutLine: {'line': b'-- Installing: /home/isaac/roboracing_ws/src/roboracing-software/install/rr_iarrc/share/rr_iarrc/environment/ament_prefix_path.sh\n'}
[1.771584] (rr_iarrc) StdoutLine: {'line': b'-- Installing: /home/isaac/roboracing_ws/src/roboracing-software/install/rr_iarrc/share/rr_iarrc/environment/ament_prefix_path.dsv\n'}
[1.772241] (rr_iarrc) StdoutLine: {'line': b'-- Installing: /home/isaac/roboracing_ws/src/roboracing-software/install/rr_iarrc/share/rr_iarrc/environment/path.sh\n'}
[1.772658] (rr_iarrc) StdoutLine: {'line': b'-- Installing: /home/isaac/roboracing_ws/src/roboracing-software/install/rr_iarrc/share/rr_iarrc/environment/path.dsv\n'}
[1.772871] (rr_iarrc) StdoutLine: {'line': b'-- Installing: /home/isaac/roboracing_ws/src/roboracing-software/install/rr_iarrc/share/rr_iarrc/local_setup.bash\n'}
[1.773105] (rr_iarrc) StdoutLine: {'line': b'-- Installing: /home/isaac/roboracing_ws/src/roboracing-software/install/rr_iarrc/share/rr_iarrc/local_setup.sh\n'}
[1.773336] (rr_iarrc) StdoutLine: {'line': b'-- Installing: /home/isaac/roboracing_ws/src/roboracing-software/install/rr_iarrc/share/rr_iarrc/local_setup.zsh\n'}
[1.773523] (rr_iarrc) StdoutLine: {'line': b'-- Installing: /home/isaac/roboracing_ws/src/roboracing-software/install/rr_iarrc/share/rr_iarrc/local_setup.dsv\n'}
[1.773737] (rr_iarrc) StdoutLine: {'line': b'-- Installing: /home/isaac/roboracing_ws/src/roboracing-software/install/rr_iarrc/share/rr_iarrc/package.dsv\n'}
[1.773971] (rr_iarrc) StdoutLine: {'line': b'-- Installing: /home/isaac/roboracing_ws/src/roboracing-software/install/rr_iarrc/share/ament_index/resource_index/packages/rr_iarrc\n'}
[1.774190] (rr_iarrc) StdoutLine: {'line': b'-- Installing: /home/isaac/roboracing_ws/src/roboracing-software/install/rr_iarrc/share/rr_iarrc/cmake/rr_iarrcConfig.cmake\n'}
[1.774420] (rr_iarrc) StdoutLine: {'line': b'-- Installing: /home/isaac/roboracing_ws/src/roboracing-software/install/rr_iarrc/share/rr_iarrc/cmake/rr_iarrcConfig-version.cmake\n'}
[1.774644] (rr_iarrc) StdoutLine: {'line': b'-- Installing: /home/isaac/roboracing_ws/src/roboracing-software/install/rr_iarrc/share/rr_iarrc/package.xml\n'}
[1.785653] (rr_iarrc) CommandEnded: {'returncode': 0}
[1.805226] (-) TimerEvent: {}
[1.813151] (rr_rviz_plugins) JobProgress: {'identifier': 'rr_rviz_plugins', 'progress': 'install'}
[1.813944] (rr_rviz_plugins) Command: {'cmd': ['/usr/bin/cmake', '--install', '/home/isaac/roboracing_ws/src/roboracing-software/build/rr_rviz_plugins'], 'cwd': '/home/isaac/roboracing_ws/src/roboracing-software/build/rr_rviz_plugins', 'env': OrderedDict([('GJS_DEBUG_TOPICS', 'JS ERROR;JS LOG'), ('LESSOPEN', '| /usr/bin/lesspipe %s'), ('USER', 'isaac'), ('XDG_SESSION_TYPE', 'x11'), ('SHLVL', '1'), ('LD_LIBRARY_PATH', '/usr/lib/x86_64-linux-gnu/gazebo-11/plugins:/opt/ros/humble/opt/rviz_ogre_vendor/lib:/opt/ros/humble/lib/x86_64-linux-gnu:/opt/ros/humble/lib'), ('HOME', '/home/isaac'), ('CONDA_SHLVL', '0'), ('OLDPWD', '/home/isaac/roboracing_ws'), ('DESKTOP_SESSION', 'ubuntu'), ('GIO_LAUNCHED_DESKTOP_FILE', '/usr/share/applications/terminator.desktop'), ('ROS_PYTHON_VERSION', '3'), ('GNOME_SHELL_SESSION_MODE', 'ubuntu'), ('GTK_MODULES', 'gail:atk-bridge'), ('MANAGERPID', '2093'), ('SYSTEMD_EXEC_PID', '2539'), ('DBUS_SESSION_BUS_ADDRESS', 'unix:path=/run/user/1000/bus'), ('COLORTERM', 'truecolor'), ('_CE_M', ''), ('TERMINATOR_DBUS_NAME', 'net.tenshu.Terminator23558193cd9818af7fe4d2c2f5bd9d00f'), ('GIO_LAUNCHED_DESKTOP_FILE_PID', '8900'), ('MANDATORY_PATH', '/usr/share/gconf/ubuntu.mandatory.path'), ('ROS_DISTRO', 'humble'), ('LOGNAME', 'isaac'), ('JOURNAL_STREAM', '8:31501'), ('_', '/usr/bin/colcon'), ('ROS_VERSION', '2'), ('XDG_SESSION_CLASS', 'user'), ('DEFAULTS_PATH', '/usr/share/gconf/ubuntu.default.path'), ('USERNAME', 'isaac'), ('TERM', 'xterm-256color'), ('GNOME_DESKTOP_SESSION_ID', 'this-is-deprecated'), ('_CE_CONDA', ''), ('ROS_LOCALHOST_ONLY', '0'), ('WINDOWPATH', '2'), ('PATH', '/opt/ros/humble/bin:/home/isaac/anaconda3/condabin:/home/isaac/.local/bin:/usr/local/sbin:/usr/local/bin:/usr/sbin:/usr/bin:/sbin:/bin:/usr/games:/usr/local/games:/snap/bin:/snap/bin'), ('SESSION_MANAGER', 'local/warrior:@/tmp/.ICE-unix/2519,unix/warrior:/tmp/.ICE-unix/2519'), ('INVOCATION_ID', 'a985b6c71be44861a540bdabc55e1d87'), ('XDG_MENU_PREFIX', 'gnome-'), ('XDG_RUNTIME_DIR', '/run/user/1000'), ('DISPLAY', ':1'), ('TERMINATOR_DBUS_PATH', '/net/tenshu/Terminator2'), ('LANG', 'en_US.UTF-8'), ('XDG_CURRENT_DESKTOP', 'ubuntu:GNOME'), ('IBUS_DISABLE_SNOOPER', '1'), ('XMODIFIERS', '@im=ibus'), ('XDG_SESSION_DESKTOP', 'ubuntu'), ('XAUTHORITY', '/run/user/1000/gdm/Xauthority'), ('LS_COLORS', 'rs=0:di=01;34:ln=01;36:mh=00:pi=40;33:so=01;35:do=01;35:bd=40;33;01:cd=40;33;01:or=40;31;01:mi=00:su=37;41:sg=30;43:ca=30;41:tw=30;42:ow=34;42:st=37;44:ex=01;32:*.tar=01;31:*.tgz=01;31:*.arc=01;31:*.arj=01;31:*.taz=01;31:*.lha=01;31:*.lz4=01;31:*.lzh=01;31:*.lzma=01;31:*.tlz=01;31:*.txz=01;31:*.tzo=01;31:*.t7z=01;31:*.zip=01;31:*.z=01;31:*.dz=01;31:*.gz=01;31:*.lrz=01;31:*.lz=01;31:*.lzo=01;31:*.xz=01;31:*.zst=01;31:*.tzst=01;31:*.bz2=01;31:*.bz=01;31:*.tbz=01;31:*.tbz2=01;31:*.tz=01;31:*.deb=01;31:*.rpm=01;31:*.jar=01;31:*.war=01;31:*.ear=01;31:*.sar=01;31:*.rar=01;31:*.alz=01;31:*.ace=01;31:*.zoo=01;31:*.cpio=01;31:*.7z=01;31:*.rz=01;31:*.cab=01;31:*.wim=01;31:*.swm=01;31:*.dwm=01;31:*.esd=01;31:*.jpg=01;35:*.jpeg=01;35:*.mjpg=01;35:*.mjpeg=01;35:*.gif=01;35:*.bmp=01;35:*.pbm=01;35:*.pgm=01;35:*.ppm=01;35:*.tga=01;35:*.xbm=01;35:*.xpm=01;35:*.tif=01;35:*.tiff=01;35:*.png=01;35:*.svg=01;35:*.svgz=01;35:*.mng=01;35:*.pcx=01;35:*.mov=01;35:*.mpg=01;35:*.mpeg=01;35:*.m2v=01;35:*.mkv=01;35:*.webm=01;35:*.webp=01;35:*.ogm=01;35:*.mp4=01;35:*.m4v=01;35:*.mp4v=01;35:*.vob=01;35:*.qt=01;35:*.nuv=01;35:*.wmv=01;35:*.asf=01;35:*.rm=01;35:*.rmvb=01;35:*.flc=01;35:*.avi=01;35:*.fli=01;35:*.flv=01;35:*.gl=01;35:*.dl=01;35:*.xcf=01;35:*.xwd=01;35:*.yuv=01;35:*.cgm=01;35:*.emf=01;35:*.ogv=01;35:*.ogx=01;35:*.aac=00;36:*.au=00;36:*.flac=00;36:*.m4a=00;36:*.mid=00;36:*.midi=00;36:*.mka=00;36:*.mp3=00;36:*.mpc=00;36:*.ogg=00;36:*.ra=00;36:*.wav=00;36:*.oga=00;36:*.opus=00;36:*.spx=00;36:*.xspf=00;36:'), ('SSH_AGENT_LAUNCHER', 'gnome-keyring'), ('SSH_AUTH_SOCK', '/run/user/1000/keyring/ssh'), ('AMENT_PREFIX_PATH', '/opt/ros/humble'), ('CONDA_PYTHON_EXE', '/home/isaac/anaconda3/bin/python'), ('SHELL', '/bin/bash'), ('TERMINATOR_UUID', 'urn:uuid:d38d966b-3c57-45c3-a0f4-e3d94ca193cc'), ('QT_ACCESSIBILITY', '1'), ('GDMSESSION', 'ubuntu'), ('LESSCLOSE', '/usr/bin/lesspipe %s %s'), ('GPG_AGENT_INFO', '/run/user/1000/gnupg/S.gpg-agent:0:1'), ('GJS_DEBUG_OUTPUT', 'stderr'), ('QT_IM_MODULE', 'ibus'), ('PWD', '/home/isaac/roboracing_ws/src/roboracing-software/build/rr_rviz_plugins'), ('LC_ALL', 'en_US.UTF-8'), ('XDG_CONFIG_DIRS', '/etc/xdg/xdg-ubuntu:/etc/xdg'), ('CONDA_EXE', '/home/isaac/anaconda3/bin/conda'), ('XDG_DATA_DIRS', '/usr/share/ubuntu:/usr/share/gnome:/usr/local/share/:/usr/share/:/var/lib/snapd/desktop'), ('PYTHONPATH', '/opt/ros/humble/lib/python3.10/site-packages:/opt/ros/humble/local/lib/python3.10/dist-packages'), ('COLCON', '1'), ('VTE_VERSION', '6800'), ('CMAKE_PREFIX_PATH', '/opt/ros/humble')]), 'shell': False}
[1.829883] (rr_rviz_plugins) StdoutLine: {'line': b'-- Install configuration: ""\n'}
[1.831007] (rr_rviz_plugins) StdoutLine: {'line': b'-- Installing: /home/isaac/roboracing_ws/src/roboracing-software/install/rr_rviz_plugins/share/ament_index/resource_index/package_run_dependencies/rr_rviz_plugins\n'}
[1.832081] (rr_rviz_plugins) StdoutLine: {'line': b'-- Installing: /home/isaac/roboracing_ws/src/roboracing-software/install/rr_rviz_plugins/share/ament_index/resource_index/parent_prefix_path/rr_rviz_plugins\n'}
[1.833344] (rr_demo) StdoutLine: {'line': b'[100%] Built target rr_demo\n'}
[1.833757] (rr_rviz_plugins) StdoutLine: {'line': b'-- Installing: /home/isaac/roboracing_ws/src/roboracing-software/install/rr_rviz_plugins/share/rr_rviz_plugins/environment/ament_prefix_path.sh\n'}
[1.834191] (rr_rviz_plugins) StdoutLine: {'line': b'-- Installing: /home/isaac/roboracing_ws/src/roboracing-software/install/rr_rviz_plugins/share/rr_rviz_plugins/environment/ament_prefix_path.dsv\n'}
[1.834604] (rr_rviz_plugins) StdoutLine: {'line': b'-- Installing: /home/isaac/roboracing_ws/src/roboracing-software/install/rr_rviz_plugins/share/rr_rviz_plugins/environment/path.sh\n'}
[1.834872] (rr_rviz_plugins) StdoutLine: {'line': b'-- Installing: /home/isaac/roboracing_ws/src/roboracing-software/install/rr_rviz_plugins/share/rr_rviz_plugins/environment/path.dsv\n'}
[1.835105] (rr_rviz_plugins) StdoutLine: {'line': b'-- Installing: /home/isaac/roboracing_ws/src/roboracing-software/install/rr_rviz_plugins/share/rr_rviz_plugins/local_setup.bash\n'}
[1.835456] (rr_rviz_plugins) StdoutLine: {'line': b'-- Installing: /home/isaac/roboracing_ws/src/roboracing-software/install/rr_rviz_plugins/share/rr_rviz_plugins/local_setup.sh\n'}
[1.835788] (rr_rviz_plugins) StdoutLine: {'line': b'-- Installing: /home/isaac/roboracing_ws/src/roboracing-software/install/rr_rviz_plugins/share/rr_rviz_plugins/local_setup.zsh\n'}
[1.836607] (rr_rviz_plugins) StdoutLine: {'line': b'-- Installing: /home/isaac/roboracing_ws/src/roboracing-software/install/rr_rviz_plugins/share/rr_rviz_plugins/local_setup.dsv\n'}
[1.836926] (rr_rviz_plugins) StdoutLine: {'line': b'-- Installing: /home/isaac/roboracing_ws/src/roboracing-software/install/rr_rviz_plugins/share/rr_rviz_plugins/package.dsv\n'}
[1.837582] (rr_rviz_plugins) StdoutLine: {'line': b'-- Installing: /home/isaac/roboracing_ws/src/roboracing-software/install/rr_rviz_plugins/share/ament_index/resource_index/packages/rr_rviz_plugins\n'}
[1.837872] (rr_rviz_plugins) StdoutLine: {'line': b'-- Installing: /home/isaac/roboracing_ws/src/roboracing-software/install/rr_rviz_plugins/share/rr_rviz_plugins/cmake/rr_rviz_pluginsConfig.cmake\n'}
[1.838089] (rr_rviz_plugins) StdoutLine: {'line': b'-- Installing: /home/isaac/roboracing_ws/src/roboracing-software/install/rr_rviz_plugins/share/rr_rviz_plugins/cmake/rr_rviz_pluginsConfig-version.cmake\n'}
[1.838308] (rr_rviz_plugins) StdoutLine: {'line': b'-- Installing: /home/isaac/roboracing_ws/src/roboracing-software/install/rr_rviz_plugins/share/rr_rviz_plugins/package.xml\n'}
[1.840767] (rr_rviz_plugins) CommandEnded: {'returncode': 0}
[1.867099] (rr_demo) CommandEnded: {'returncode': 0}
[1.901207] (rr_evgp) JobEnded: {'identifier': 'rr_evgp', 'rc': 0}
[1.907810] (-) TimerEvent: {}
[1.925512] (rr_iarrc) JobEnded: {'identifier': 'rr_iarrc', 'rc': 0}
[1.949525] (rr_rviz_plugins) JobEnded: {'identifier': 'rr_rviz_plugins', 'rc': 0}
[1.951703] (rr_demo) JobProgress: {'identifier': 'rr_demo', 'progress': 'install'}
[1.951803] (rr_demo) Command: {'cmd': ['/usr/bin/cmake', '--install', '/home/isaac/roboracing_ws/src/roboracing-software/build/rr_demo'], 'cwd': '/home/isaac/roboracing_ws/src/roboracing-software/build/rr_demo', 'env': OrderedDict([('GJS_DEBUG_TOPICS', 'JS ERROR;JS LOG'), ('LESSOPEN', '| /usr/bin/lesspipe %s'), ('USER', 'isaac'), ('XDG_SESSION_TYPE', 'x11'), ('SHLVL', '1'), ('LD_LIBRARY_PATH', '/usr/lib/x86_64-linux-gnu/gazebo-11/plugins:/opt/ros/humble/opt/rviz_ogre_vendor/lib:/opt/ros/humble/lib/x86_64-linux-gnu:/opt/ros/humble/lib'), ('HOME', '/home/isaac'), ('CONDA_SHLVL', '0'), ('OLDPWD', '/home/isaac/roboracing_ws'), ('DESKTOP_SESSION', 'ubuntu'), ('GIO_LAUNCHED_DESKTOP_FILE', '/usr/share/applications/terminator.desktop'), ('ROS_PYTHON_VERSION', '3'), ('GNOME_SHELL_SESSION_MODE', 'ubuntu'), ('GTK_MODULES', 'gail:atk-bridge'), ('MANAGERPID', '2093'), ('SYSTEMD_EXEC_PID', '2539'), ('DBUS_SESSION_BUS_ADDRESS', 'unix:path=/run/user/1000/bus'), ('COLORTERM', 'truecolor'), ('_CE_M', ''), ('TERMINATOR_DBUS_NAME', 'net.tenshu.Terminator23558193cd9818af7fe4d2c2f5bd9d00f'), ('GIO_LAUNCHED_DESKTOP_FILE_PID', '8900'), ('MANDATORY_PATH', '/usr/share/gconf/ubuntu.mandatory.path'), ('ROS_DISTRO', 'humble'), ('LOGNAME', 'isaac'), ('JOURNAL_STREAM', '8:31501'), ('_', '/usr/bin/colcon'), ('ROS_VERSION', '2'), ('XDG_SESSION_CLASS', 'user'), ('DEFAULTS_PATH', '/usr/share/gconf/ubuntu.default.path'), ('USERNAME', 'isaac'), ('TERM', 'xterm-256color'), ('GNOME_DESKTOP_SESSION_ID', 'this-is-deprecated'), ('_CE_CONDA', ''), ('ROS_LOCALHOST_ONLY', '0'), ('WINDOWPATH', '2'), ('PATH', '/opt/ros/humble/bin:/home/isaac/anaconda3/condabin:/home/isaac/.local/bin:/usr/local/sbin:/usr/local/bin:/usr/sbin:/usr/bin:/sbin:/bin:/usr/games:/usr/local/games:/snap/bin:/snap/bin'), ('SESSION_MANAGER', 'local/warrior:@/tmp/.ICE-unix/2519,unix/warrior:/tmp/.ICE-unix/2519'), ('INVOCATION_ID', 'a985b6c71be44861a540bdabc55e1d87'), ('XDG_MENU_PREFIX', 'gnome-'), ('XDG_RUNTIME_DIR', '/run/user/1000'), ('DISPLAY', ':1'), ('TERMINATOR_DBUS_PATH', '/net/tenshu/Terminator2'), ('LANG', 'en_US.UTF-8'), ('XDG_CURRENT_DESKTOP', 'ubuntu:GNOME'), ('IBUS_DISABLE_SNOOPER', '1'), ('XMODIFIERS', '@im=ibus'), ('XDG_SESSION_DESKTOP', 'ubuntu'), ('XAUTHORITY', '/run/user/1000/gdm/Xauthority'), ('LS_COLORS', 'rs=0:di=01;34:ln=01;36:mh=00:pi=40;33:so=01;35:do=01;35:bd=40;33;01:cd=40;33;01:or=40;31;01:mi=00:su=37;41:sg=30;43:ca=30;41:tw=30;42:ow=34;42:st=37;44:ex=01;32:*.tar=01;31:*.tgz=01;31:*.arc=01;31:*.arj=01;31:*.taz=01;31:*.lha=01;31:*.lz4=01;31:*.lzh=01;31:*.lzma=01;31:*.tlz=01;31:*.txz=01;31:*.tzo=01;31:*.t7z=01;31:*.zip=01;31:*.z=01;31:*.dz=01;31:*.gz=01;31:*.lrz=01;31:*.lz=01;31:*.lzo=01;31:*.xz=01;31:*.zst=01;31:*.tzst=01;31:*.bz2=01;31:*.bz=01;31:*.tbz=01;31:*.tbz2=01;31:*.tz=01;31:*.deb=01;31:*.rpm=01;31:*.jar=01;31:*.war=01;31:*.ear=01;31:*.sar=01;31:*.rar=01;31:*.alz=01;31:*.ace=01;31:*.zoo=01;31:*.cpio=01;31:*.7z=01;31:*.rz=01;31:*.cab=01;31:*.wim=01;31:*.swm=01;31:*.dwm=01;31:*.esd=01;31:*.jpg=01;35:*.jpeg=01;35:*.mjpg=01;35:*.mjpeg=01;35:*.gif=01;35:*.bmp=01;35:*.pbm=01;35:*.pgm=01;35:*.ppm=01;35:*.tga=01;35:*.xbm=01;35:*.xpm=01;35:*.tif=01;35:*.tiff=01;35:*.png=01;35:*.svg=01;35:*.svgz=01;35:*.mng=01;35:*.pcx=01;35:*.mov=01;35:*.mpg=01;35:*.mpeg=01;35:*.m2v=01;35:*.mkv=01;35:*.webm=01;35:*.webp=01;35:*.ogm=01;35:*.mp4=01;35:*.m4v=01;35:*.mp4v=01;35:*.vob=01;35:*.qt=01;35:*.nuv=01;35:*.wmv=01;35:*.asf=01;35:*.rm=01;35:*.rmvb=01;35:*.flc=01;35:*.avi=01;35:*.fli=01;35:*.flv=01;35:*.gl=01;35:*.dl=01;35:*.xcf=01;35:*.xwd=01;35:*.yuv=01;35:*.cgm=01;35:*.emf=01;35:*.ogv=01;35:*.ogx=01;35:*.aac=00;36:*.au=00;36:*.flac=00;36:*.m4a=00;36:*.mid=00;36:*.midi=00;36:*.mka=00;36:*.mp3=00;36:*.mpc=00;36:*.ogg=00;36:*.ra=00;36:*.wav=00;36:*.oga=00;36:*.opus=00;36:*.spx=00;36:*.xspf=00;36:'), ('SSH_AGENT_LAUNCHER', 'gnome-keyring'), ('SSH_AUTH_SOCK', '/run/user/1000/keyring/ssh'), ('AMENT_PREFIX_PATH', '/opt/ros/humble'), ('CONDA_PYTHON_EXE', '/home/isaac/anaconda3/bin/python'), ('SHELL', '/bin/bash'), ('TERMINATOR_UUID', 'urn:uuid:d38d966b-3c57-45c3-a0f4-e3d94ca193cc'), ('QT_ACCESSIBILITY', '1'), ('GDMSESSION', 'ubuntu'), ('LESSCLOSE', '/usr/bin/lesspipe %s %s'), ('GPG_AGENT_INFO', '/run/user/1000/gnupg/S.gpg-agent:0:1'), ('GJS_DEBUG_OUTPUT', 'stderr'), ('QT_IM_MODULE', 'ibus'), ('PWD', '/home/isaac/roboracing_ws/src/roboracing-software/build/rr_demo'), ('LC_ALL', 'en_US.UTF-8'), ('XDG_CONFIG_DIRS', '/etc/xdg/xdg-ubuntu:/etc/xdg'), ('CONDA_EXE', '/home/isaac/anaconda3/bin/conda'), ('XDG_DATA_DIRS', '/usr/share/ubuntu:/usr/share/gnome:/usr/local/share/:/usr/share/:/var/lib/snapd/desktop'), ('PYTHONPATH', '/opt/ros/humble/lib/python3.10/site-packages:/opt/ros/humble/local/lib/python3.10/dist-packages'), ('COLCON', '1'), ('VTE_VERSION', '6800'), ('CMAKE_PREFIX_PATH', '/opt/ros/humble')]), 'shell': False}
[1.960806] (rr_demo) StdoutLine: {'line': b'-- Install configuration: ""\n'}
[1.961201] (rr_demo) StdoutLine: {'line': b'-- Installing: /home/isaac/roboracing_ws/src/roboracing-software/install/rr_demo/share/ament_index/resource_index/package_run_dependencies/rr_demo\n'}
[1.961477] (rr_demo) StdoutLine: {'line': b'-- Installing: /home/isaac/roboracing_ws/src/roboracing-software/install/rr_demo/share/ament_index/resource_index/parent_prefix_path/rr_demo\n'}
[1.961775] (rr_demo) StdoutLine: {'line': b'-- Installing: /home/isaac/roboracing_ws/src/roboracing-software/install/rr_demo/share/rr_demo/environment/ament_prefix_path.sh\n'}
[1.962034] (rr_demo) StdoutLine: {'line': b'-- Installing: /home/isaac/roboracing_ws/src/roboracing-software/install/rr_demo/share/rr_demo/environment/ament_prefix_path.dsv\n'}
[1.962292] (rr_demo) StdoutLine: {'line': b'-- Installing: /home/isaac/roboracing_ws/src/roboracing-software/install/rr_demo/share/rr_demo/environment/path.sh\n'}
[1.962626] (rr_demo) StdoutLine: {'line': b'-- Installing: /home/isaac/roboracing_ws/src/roboracing-software/install/rr_demo/share/rr_demo/environment/path.dsv\n'}
[1.962946] (rr_demo) StdoutLine: {'line': b'-- Installing: /home/isaac/roboracing_ws/src/roboracing-software/install/rr_demo/share/rr_demo/local_setup.bash\n'}
[1.963265] (rr_demo) StdoutLine: {'line': b'-- Installing: /home/isaac/roboracing_ws/src/roboracing-software/install/rr_demo/share/rr_demo/local_setup.sh\n'}
[1.963567] (rr_demo) StdoutLine: {'line': b'-- Installing: /home/isaac/roboracing_ws/src/roboracing-software/install/rr_demo/share/rr_demo/local_setup.zsh\n'}
[1.963881] (rr_demo) StdoutLine: {'line': b'-- Installing: /home/isaac/roboracing_ws/src/roboracing-software/install/rr_demo/share/rr_demo/local_setup.dsv\n'}
[1.964176] (rr_demo) StdoutLine: {'line': b'-- Installing: /home/isaac/roboracing_ws/src/roboracing-software/install/rr_demo/share/rr_demo/package.dsv\n'}
[1.964479] (rr_demo) StdoutLine: {'line': b'-- Installing: /home/isaac/roboracing_ws/src/roboracing-software/install/rr_demo/share/ament_index/resource_index/packages/rr_demo\n'}
[1.964755] (rr_demo) StdoutLine: {'line': b'-- Installing: /home/isaac/roboracing_ws/src/roboracing-software/install/rr_demo/share/rr_demo/cmake/rr_demoConfig.cmake\n'}
[1.965035] (rr_demo) StdoutLine: {'line': b'-- Installing: /home/isaac/roboracing_ws/src/roboracing-software/install/rr_demo/share/rr_demo/cmake/rr_demoConfig-version.cmake\n'}
[1.965295] (rr_demo) StdoutLine: {'line': b'-- Installing: /home/isaac/roboracing_ws/src/roboracing-software/install/rr_demo/share/rr_demo/package.xml\n'}
[1.970893] (rr_demo) CommandEnded: {'returncode': 0}
[1.977373] (rr_description) StdoutLine: {'line': b'-- xacro: determining deps for: urdf/opponents/evgp_opponent_1.urdf.xacro ...\n'}
[1.978205] (rr_description) StderrLine: {'line': b'\x1b[33mCMake Warning at /opt/ros/humble/share/xacro/cmake/xacro-extras.cmake:74 (message):\n'}
[1.978628] (rr_description) StderrLine: {'line': b'  failed to determine deps for: urdf/opponents/evgp_opponent_0.urdf.xacro\n'}
[1.978908] (rr_description) StderrLine: {'line': b'\n'}
[1.979275] (rr_description) StderrLine: {'line': b'  Traceback (most recent call last):\n'}
[1.979670] (rr_description) StderrLine: {'line': b'\n'}
[1.980165] (rr_description) StderrLine: {'line': b'    File "/opt/ros/humble/local/lib/python3.10/dist-packages/xacro/__init__.py", line 984, in parse\n'}
[1.980434] (rr_description) StderrLine: {'line': b'      inp = f = open(filename)\n'}
[1.980934] (rr_description) StderrLine: {'line': b'\n'}
[1.981236] (rr_description) StderrLine: {'line': b'  FileNotFoundError: [Errno 2] No such file or directory:\n'}
[1.981524] (rr_description) StderrLine: {'line': b"  'urdf/opponents/evgp_opponent_0.urdf.xacro'\n"}
[1.981892] (rr_description) StderrLine: {'line': b'\n'}
[1.982211] (rr_description) StderrLine: {'line': b'  \n'}
[1.982537] (rr_description) StderrLine: {'line': b'\n'}
[1.982824] (rr_description) StderrLine: {'line': b'  During handling of the above exception, another exception occurred:\n'}
[1.983187] (rr_description) StderrLine: {'line': b'\n'}
[1.983475] (rr_description) StderrLine: {'line': b'  \n'}
[1.987461] (rr_description) StderrLine: {'line': b'\n'}
[1.987995] (rr_description) StderrLine: {'line': b'  Traceback (most recent call last):\n'}
[1.988559] (rr_description) StderrLine: {'line': b'\n'}
[1.988927] (rr_description) StderrLine: {'line': b'    File "/opt/ros/humble/local/lib/python3.10/dist-packages/xacro/__init__.py", line 1092, in _process\n'}
[1.989496] (rr_description) StderrLine: {'line': b'      doc = process_file(input_file_name, **opts)\n'}
[1.990037] (rr_description) StderrLine: {'line': b'    File "/opt/ros/humble/local/lib/python3.10/dist-packages/xacro/__init__.py", line 1072, in process_file\n'}
[1.990325] (rr_description) StderrLine: {'line': b'      doc = parse(None, input_file_name)\n'}
[1.990900] (rr_description) StderrLine: {'line': b'    File "/opt/ros/humble/local/lib/python3.10/dist-packages/xacro/__init__.py", line 988, in parse\n'}
[1.991523] (rr_description) StderrLine: {'line': b'      raise XacroException(e.strerror + ": " + e.filename, exc=e)\n'}
[1.991865] (rr_description) StderrLine: {'line': b'\n'}
[1.992464] (rr_description) StderrLine: {'line': b'  xacro.XacroException: No such file or directory:\n'}
[1.993022] (rr_description) StderrLine: {'line': b'  urdf/opponents/evgp_opponent_0.urdf.xacro [Errno 2] No such file or\n'}
[1.994527] (rr_description) StderrLine: {'line': b"  directory: 'urdf/opponents/evgp_opponent_0.urdf.xacro'\n"}
[1.998647] (rr_description) StderrLine: {'line': b'\n'}
[1.998990] (rr_description) StderrLine: {'line': b'  \n'}
[1.999275] (rr_description) StderrLine: {'line': b'\n'}
[2.000049] (rr_description) StderrLine: {'line': b'  During handling of the above exception, another exception occurred:\n'}
[2.000649] (rr_description) StderrLine: {'line': b'\n'}
[2.000867] (rr_description) StderrLine: {'line': b'  \n'}
[2.001084] (rr_description) StderrLine: {'line': b'\n'}
[2.001291] (rr_description) StderrLine: {'line': b'  Traceback (most recent call last):\n'}
[2.001504] (rr_description) StderrLine: {'line': b'\n'}
[2.001716] (rr_description) StderrLine: {'line': b'    File "/opt/ros/humble/bin/xacro", line 33, in <module>\n'}
[2.001932] (rr_description) StderrLine: {'line': b'      xacro.main()\n'}
[2.002141] (rr_description) StderrLine: {'line': b'    File "/opt/ros/humble/local/lib/python3.10/dist-packages/xacro/__init__.py", line 1145, in main\n'}
[2.002354] (rr_description) StderrLine: {'line': b'      _process(input_file_name, vars(opts))\n'}
[2.002573] (rr_description) StderrLine: {'line': b'    File "/opt/ros/humble/local/lib/python3.10/dist-packages/xacro/__init__.py", line 1097, in _process\n'}
[2.002784] (rr_description) StderrLine: {'line': b'      except xml.parsers.expat.ExpatError as e:\n'}
[2.002999] (rr_description) StderrLine: {'line': b'\n'}
[2.003210] (rr_description) StderrLine: {'line': b"  AttributeError: module 'xml' has no attribute 'parsers'\n"}
[2.003423] (rr_description) StderrLine: {'line': b'\n'}
[2.003641] (rr_description) StderrLine: {'line': b'Call Stack (most recent call first):\n'}
[2.003971] (rr_description) StderrLine: {'line': b'  /opt/ros/humble/share/xacro/cmake/xacro-extras.cmake:133 (xacro_add_xacro_file)\n'}
[2.004263] (rr_description) StderrLine: {'line': b'  CMakeLists.txt:11 (xacro_add_files)\n'}
[2.004830] (rr_description) StderrLine: {'line': b'\n'}
[2.005488] (rr_description) StderrLine: {'line': b'\x1b[0m\n'}
[2.008327] (-) TimerEvent: {}
[2.068606] (rr_demo) JobEnded: {'identifier': 'rr_demo', 'rc': 0}
[2.108465] (-) TimerEvent: {}
[2.155848] (rr_description) StderrLine: {'line': b'\x1b[33mCMake Warning at /opt/ros/humble/share/xacro/cmake/xacro-extras.cmake:74 (message):\n'}
[2.156178] (rr_description) StderrLine: {'line': b'  failed to determine deps for: urdf/opponents/evgp_opponent_1.urdf.xacro\n'}
[2.156300] (rr_description) StderrLine: {'line': b'\n'}
[2.156406] (rr_description) StderrLine: {'line': b'  Traceback (most recent call last):\n'}
[2.156507] (rr_description) StderrLine: {'line': b'\n'}
[2.156606] (rr_description) StderrLine: {'line': b'    File "/opt/ros/humble/local/lib/python3.10/dist-packages/xacro/__init__.py", line 984, in parse\n'}
[2.156707] (rr_description) StderrLine: {'line': b'      inp = f = open(filename)\n'}
[2.156807] (rr_description) StderrLine: {'line': b'\n'}
[2.156908] (rr_description) StderrLine: {'line': b'  FileNotFoundError: [Errno 2] No such file or directory:\n'}
[2.157021] (rr_description) StderrLine: {'line': b"  'urdf/opponents/evgp_opponent_1.urdf.xacro'\n"}
[2.157120] (rr_description) StderrLine: {'line': b'\n'}
[2.157221] (rr_description) StderrLine: {'line': b'  \n'}
[2.157318] (rr_description) StderrLine: {'line': b'\n'}
[2.157415] (rr_description) StderrLine: {'line': b'  During handling of the above exception, another exception occurred:\n'}
[2.157514] (rr_description) StderrLine: {'line': b'\n'}
[2.157611] (rr_description) StderrLine: {'line': b'  \n'}
[2.157707] (rr_description) StderrLine: {'line': b'\n'}
[2.157804] (rr_description) StderrLine: {'line': b'  Traceback (most recent call last):\n'}
[2.157902] (rr_description) StderrLine: {'line': b'\n'}
[2.157999] (rr_description) StderrLine: {'line': b'    File "/opt/ros/humble/local/lib/python3.10/dist-packages/xacro/__init__.py", line 1092, in _process\n'}
[2.158097] (rr_description) StderrLine: {'line': b'      doc = process_file(input_file_name, **opts)\n'}
[2.158191] (rr_description) StderrLine: {'line': b'    File "/opt/ros/humble/local/lib/python3.10/dist-packages/xacro/__init__.py", line 1072, in process_file\n'}
[2.158288] (rr_description) StderrLine: {'line': b'      doc = parse(None, input_file_name)\n'}
[2.158386] (rr_description) StderrLine: {'line': b'    File "/opt/ros/humble/local/lib/python3.10/dist-packages/xacro/__init__.py", line 988, in parse\n'}
[2.158485] (rr_description) StderrLine: {'line': b'      raise XacroException(e.strerror + ": " + e.filename, exc=e)\n'}
[2.158583] (rr_description) StderrLine: {'line': b'\n'}
[2.158680] (rr_description) StderrLine: {'line': b'  xacro.XacroException: No such file or directory:\n'}
[2.158778] (rr_description) StderrLine: {'line': b'  urdf/opponents/evgp_opponent_1.urdf.xacro [Errno 2] No such file or\n'}
[2.158876] (rr_description) StderrLine: {'line': b"  directory: 'urdf/opponents/evgp_opponent_1.urdf.xacro'\n"}
[2.158973] (rr_description) StderrLine: {'line': b'\n'}
[2.159069] (rr_description) StderrLine: {'line': b'  \n'}
[2.159168] (rr_description) StderrLine: {'line': b'\n'}
[2.159264] (rr_description) StderrLine: {'line': b'  During handling of the above exception, another exception occurred:\n'}
[2.159363] (rr_description) StderrLine: {'line': b'\n'}
[2.159460] (rr_description) StderrLine: {'line': b'  \n'}
[2.159557] (rr_description) StderrLine: {'line': b'\n'}
[2.159653] (rr_description) StderrLine: {'line': b'  Traceback (most recent call last):\n'}
[2.159809] (rr_description) StderrLine: {'line': b'\n'}
[2.159911] (rr_description) StderrLine: {'line': b'    File "/opt/ros/humble/bin/xacro", line 33, in <module>\n'}
[2.160056] (rr_description) StderrLine: {'line': b'      xacro.main()\n'}
[2.160163] (rr_description) StderrLine: {'line': b'    File "/opt/ros/humble/local/lib/python3.10/dist-packages/xacro/__init__.py", line 1145, in main\n'}
[2.160288] (rr_description) StderrLine: {'line': b'      _process(input_file_name, vars(opts))\n'}
[2.160452] (rr_description) StderrLine: {'line': b'    File "/opt/ros/humble/local/lib/python3.10/dist-packages/xacro/__init__.py", line 1097, in _process\n'}
[2.160569] (rr_description) StderrLine: {'line': b'      except xml.parsers.expat.ExpatError as e:\n'}
[2.160669] (rr_description) StderrLine: {'line': b'\n'}
[2.160767] (rr_description) StderrLine: {'line': b"  AttributeError: module 'xml' has no attribute 'parsers'\n"}
[2.160929] (rr_description) StderrLine: {'line': b'\n'}
[2.161082] (rr_description) StderrLine: {'line': b'Call Stack (most recent call first):\n'}
[2.161188] (rr_description) StderrLine: {'line': b'  /opt/ros/humble/share/xacro/cmake/xacro-extras.cmake:133 (xacro_add_xacro_file)\n'}
[2.161291] (rr_description) StderrLine: {'line': b'  CMakeLists.txt:11 (xacro_add_files)\n'}
[2.161392] (rr_description) StderrLine: {'line': b'\n'}
[2.161492] (rr_description) StderrLine: {'line': b'\x1b[0m\n'}
[2.161591] (rr_description) StdoutLine: {'line': b'-- xacro: determining deps for: urdf/opponents/evgp_opponent_2.urdf.xacro ...\n'}
[2.208595] (-) TimerEvent: {}
[2.308949] (-) TimerEvent: {}
[2.318618] (rr_description) StderrLine: {'line': b'\x1b[33mCMake Warning at /opt/ros/humble/share/xacro/cmake/xacro-extras.cmake:74 (message):\n'}
[2.319009] (rr_description) StderrLine: {'line': b'  failed to determine deps for: urdf/opponents/evgp_opponent_2.urdf.xacro\n'}
[2.319244] (rr_description) StderrLine: {'line': b'\n'}
[2.319446] (rr_description) StderrLine: {'line': b'  Traceback (most recent call last):\n'}
[2.319632] (rr_description) StderrLine: {'line': b'\n'}
[2.319864] (rr_description) StderrLine: {'line': b'    File "/opt/ros/humble/local/lib/python3.10/dist-packages/xacro/__init__.py", line 984, in parse\n'}
[2.320055] (rr_description) StderrLine: {'line': b'      inp = f = open(filename)\n'}
[2.320275] (rr_description) StderrLine: {'line': b'\n'}
[2.320468] (rr_description) StderrLine: {'line': b'  FileNotFoundError: [Errno 2] No such file or directory:\n'}
[2.320671] (rr_description) StderrLine: {'line': b"  'urdf/opponents/evgp_opponent_2.urdf.xacro'\n"}
[2.320875] (rr_description) StderrLine: {'line': b'\n'}
[2.321061] (rr_description) StderrLine: {'line': b'  \n'}
[2.321252] (rr_description) StderrLine: {'line': b'\n'}
[2.321441] (rr_description) StderrLine: {'line': b'  During handling of the above exception, another exception occurred:\n'}
[2.321652] (rr_description) StderrLine: {'line': b'\n'}
[2.321847] (rr_description) StderrLine: {'line': b'  \n'}
[2.322054] (rr_description) StderrLine: {'line': b'\n'}
[2.322247] (rr_description) StderrLine: {'line': b'  Traceback (most recent call last):\n'}
[2.322455] (rr_description) StderrLine: {'line': b'\n'}
[2.322642] (rr_description) StderrLine: {'line': b'    File "/opt/ros/humble/local/lib/python3.10/dist-packages/xacro/__init__.py", line 1092, in _process\n'}
[2.322846] (rr_description) StderrLine: {'line': b'      doc = process_file(input_file_name, **opts)\n'}
[2.323039] (rr_description) StderrLine: {'line': b'    File "/opt/ros/humble/local/lib/python3.10/dist-packages/xacro/__init__.py", line 1072, in process_file\n'}
[2.323237] (rr_description) StderrLine: {'line': b'      doc = parse(None, input_file_name)\n'}
[2.323438] (rr_description) StderrLine: {'line': b'    File "/opt/ros/humble/local/lib/python3.10/dist-packages/xacro/__init__.py", line 988, in parse\n'}
[2.323629] (rr_description) StderrLine: {'line': b'      raise XacroException(e.strerror + ": " + e.filename, exc=e)\n'}
[2.323854] (rr_description) StderrLine: {'line': b'\n'}
[2.324048] (rr_description) StderrLine: {'line': b'  xacro.XacroException: No such file or directory:\n'}
[2.324240] (rr_description) StderrLine: {'line': b'  urdf/opponents/evgp_opponent_2.urdf.xacro [Errno 2] No such file or\n'}
[2.324435] (rr_description) StderrLine: {'line': b"  directory: 'urdf/opponents/evgp_opponent_2.urdf.xacro'\n"}
[2.324622] (rr_description) StderrLine: {'line': b'\n'}
[2.324809] (rr_description) StderrLine: {'line': b'  \n'}
[2.325000] (rr_description) StderrLine: {'line': b'\n'}
[2.325188] (rr_description) StderrLine: {'line': b'  During handling of the above exception, another exception occurred:\n'}
[2.325375] (rr_description) StderrLine: {'line': b'\n'}
[2.325561] (rr_description) StderrLine: {'line': b'  \n'}
[2.325749] (rr_description) StderrLine: {'line': b'\n'}
[2.325940] (rr_description) StderrLine: {'line': b'  Traceback (most recent call last):\n'}
[2.326162] (rr_description) StderrLine: {'line': b'\n'}
[2.326353] (rr_description) StderrLine: {'line': b'    File "/opt/ros/humble/bin/xacro", line 33, in <module>\n'}
[2.326556] (rr_description) StderrLine: {'line': b'      xacro.main()\n'}
[2.326742] (rr_description) StderrLine: {'line': b'    File "/opt/ros/humble/local/lib/python3.10/dist-packages/xacro/__init__.py", line 1145, in main\n'}
[2.326941] (rr_description) StderrLine: {'line': b'      _process(input_file_name, vars(opts))\n'}
[2.327134] (rr_description) StderrLine: {'line': b'    File "/opt/ros/humble/local/lib/python3.10/dist-packages/xacro/__init__.py", line 1097, in _process\n'}
[2.327338] (rr_description) StderrLine: {'line': b'      except xml.parsers.expat.ExpatError as e:\n'}
[2.327527] (rr_description) StderrLine: {'line': b'\n'}
[2.327732] (rr_description) StderrLine: {'line': b"  AttributeError: module 'xml' has no attribute 'parsers'\n"}
[2.327949] (rr_description) StderrLine: {'line': b'\n'}
[2.328150] (rr_description) StderrLine: {'line': b'Call Stack (most recent call first):\n'}
[2.328338] (rr_description) StderrLine: {'line': b'  /opt/ros/humble/share/xacro/cmake/xacro-extras.cmake:133 (xacro_add_xacro_file)\n'}
[2.328536] (rr_description) StderrLine: {'line': b'  CMakeLists.txt:11 (xacro_add_files)\n'}
[2.328733] (rr_description) StderrLine: {'line': b'\n'}
[2.328924] (rr_description) StderrLine: {'line': b'\x1b[0m\n'}
[2.329114] (rr_description) StdoutLine: {'line': b'-- xacro: determining deps for: urdf/opponents/evgp_opponent_3.urdf.xacro ...\n'}
[2.356575] (rr_msgs) StdoutLine: {'line': b'-- Found ament_cmake_ros: 0.10.0 (/opt/ros/humble/share/ament_cmake_ros/cmake)\n'}
[2.409076] (-) TimerEvent: {}
[2.485581] (rr_description) StderrLine: {'line': b'\x1b[33mCMake Warning at /opt/ros/humble/share/xacro/cmake/xacro-extras.cmake:74 (message):\n'}
[2.485918] (rr_description) StderrLine: {'line': b'  failed to determine deps for: urdf/opponents/evgp_opponent_3.urdf.xacro\n'}
[2.486096] (rr_description) StderrLine: {'line': b'\n'}
[2.486219] (rr_description) StderrLine: {'line': b'  Traceback (most recent call last):\n'}
[2.486337] (rr_description) StderrLine: {'line': b'\n'}
[2.486452] (rr_description) StderrLine: {'line': b'    File "/opt/ros/humble/local/lib/python3.10/dist-packages/xacro/__init__.py", line 984, in parse\n'}
[2.486635] (rr_description) StderrLine: {'line': b'      inp = f = open(filename)\n'}
[2.486820] (rr_description) StderrLine: {'line': b'\n'}
[2.487004] (rr_description) StderrLine: {'line': b'  FileNotFoundError: [Errno 2] No such file or directory:\n'}
[2.487188] (rr_description) StderrLine: {'line': b"  'urdf/opponents/evgp_opponent_3.urdf.xacro'\n"}
[2.487373] (rr_description) StderrLine: {'line': b'\n'}
[2.487555] (rr_description) StderrLine: {'line': b'  \n'}
[2.487756] (rr_description) StderrLine: {'line': b'\n'}
[2.487944] (rr_description) StderrLine: {'line': b'  During handling of the above exception, another exception occurred:\n'}
[2.488129] (rr_description) StderrLine: {'line': b'\n'}
[2.488313] (rr_description) StderrLine: {'line': b'  \n'}
[2.488496] (rr_description) StderrLine: {'line': b'\n'}
[2.488680] (rr_description) StderrLine: {'line': b'  Traceback (most recent call last):\n'}
[2.488864] (rr_description) StderrLine: {'line': b'\n'}
[2.489046] (rr_description) StderrLine: {'line': b'    File "/opt/ros/humble/local/lib/python3.10/dist-packages/xacro/__init__.py", line 1092, in _process\n'}
[2.489243] (rr_description) StderrLine: {'line': b'      doc = process_file(input_file_name, **opts)\n'}
[2.489427] (rr_description) StderrLine: {'line': b'    File "/opt/ros/humble/local/lib/python3.10/dist-packages/xacro/__init__.py", line 1072, in process_file\n'}
[2.489610] (rr_description) StderrLine: {'line': b'      doc = parse(None, input_file_name)\n'}
[2.489793] (rr_description) StderrLine: {'line': b'    File "/opt/ros/humble/local/lib/python3.10/dist-packages/xacro/__init__.py", line 988, in parse\n'}
[2.489967] (rr_description) StderrLine: {'line': b'      raise XacroException(e.strerror + ": " + e.filename, exc=e)\n'}
[2.490136] (rr_description) StderrLine: {'line': b'\n'}
[2.490299] (rr_description) StderrLine: {'line': b'  xacro.XacroException: No such file or directory:\n'}
[2.490460] (rr_description) StderrLine: {'line': b'  urdf/opponents/evgp_opponent_3.urdf.xacro [Errno 2] No such file or\n'}
[2.490622] (rr_description) StderrLine: {'line': b"  directory: 'urdf/opponents/evgp_opponent_3.urdf.xacro'\n"}
[2.490783] (rr_description) StderrLine: {'line': b'\n'}
[2.490944] (rr_description) StderrLine: {'line': b'  \n'}
[2.491105] (rr_description) StderrLine: {'line': b'\n'}
[2.491265] (rr_description) StderrLine: {'line': b'  During handling of the above exception, another exception occurred:\n'}
[2.491427] (rr_description) StderrLine: {'line': b'\n'}
[2.491587] (rr_description) StderrLine: {'line': b'  \n'}
[2.491766] (rr_description) StderrLine: {'line': b'\n'}
[2.491930] (rr_description) StderrLine: {'line': b'  Traceback (most recent call last):\n'}
[2.492091] (rr_description) StderrLine: {'line': b'\n'}
[2.492252] (rr_description) StderrLine: {'line': b'    File "/opt/ros/humble/bin/xacro", line 33, in <module>\n'}
[2.492414] (rr_description) StderrLine: {'line': b'      xacro.main()\n'}
[2.492575] (rr_description) StderrLine: {'line': b'    File "/opt/ros/humble/local/lib/python3.10/dist-packages/xacro/__init__.py", line 1145, in main\n'}
[2.492737] (rr_description) StderrLine: {'line': b'      _process(input_file_name, vars(opts))\n'}
[2.492898] (rr_description) StderrLine: {'line': b'    File "/opt/ros/humble/local/lib/python3.10/dist-packages/xacro/__init__.py", line 1097, in _process\n'}
[2.493060] (rr_description) StderrLine: {'line': b'      except xml.parsers.expat.ExpatError as e:\n'}
[2.493222] (rr_description) StderrLine: {'line': b'\n'}
[2.493396] (rr_description) StderrLine: {'line': b"  AttributeError: module 'xml' has no attribute 'parsers'\n"}
[2.493563] (rr_description) StderrLine: {'line': b'\n'}
[2.493725] (rr_description) StderrLine: {'line': b'Call Stack (most recent call first):\n'}
[2.493886] (rr_description) StderrLine: {'line': b'  /opt/ros/humble/share/xacro/cmake/xacro-extras.cmake:133 (xacro_add_xacro_file)\n'}
[2.494049] (rr_description) StderrLine: {'line': b'  CMakeLists.txt:11 (xacro_add_files)\n'}
[2.494211] (rr_description) StderrLine: {'line': b'\n'}
[2.494372] (rr_description) StderrLine: {'line': b'\x1b[0m\n'}
[2.494534] (rr_description) StdoutLine: {'line': b'-- xacro: determining deps for: urdf/opponents/evgp_opponent_4.urdf.xacro ...\n'}
[2.509194] (-) TimerEvent: {}
[2.609493] (-) TimerEvent: {}
[2.650331] (rr_description) StderrLine: {'line': b'\x1b[33mCMake Warning at /opt/ros/humble/share/xacro/cmake/xacro-extras.cmake:74 (message):\n'}
[2.650701] (rr_description) StderrLine: {'line': b'  failed to determine deps for: urdf/opponents/evgp_opponent_4.urdf.xacro\n'}
[2.650921] (rr_description) StderrLine: {'line': b'\n'}
[2.651122] (rr_description) StderrLine: {'line': b'  Traceback (most recent call last):\n'}
[2.651328] (rr_description) StderrLine: {'line': b'\n'}
[2.651521] (rr_description) StderrLine: {'line': b'    File "/opt/ros/humble/local/lib/python3.10/dist-packages/xacro/__init__.py", line 984, in parse\n'}
[2.651733] (rr_description) StderrLine: {'line': b'      inp = f = open(filename)\n'}
[2.651952] (rr_description) StderrLine: {'line': b'\n'}
[2.652181] (rr_description) StderrLine: {'line': b'  FileNotFoundError: [Errno 2] No such file or directory:\n'}
[2.652372] (rr_description) StderrLine: {'line': b"  'urdf/opponents/evgp_opponent_4.urdf.xacro'\n"}
[2.652550] (rr_description) StderrLine: {'line': b'\n'}
[2.652751] (rr_description) StderrLine: {'line': b'  \n'}
[2.652943] (rr_description) StderrLine: {'line': b'\n'}
[2.653138] (rr_description) StderrLine: {'line': b'  During handling of the above exception, another exception occurred:\n'}
[2.653372] (rr_description) StderrLine: {'line': b'\n'}
[2.653565] (rr_description) StderrLine: {'line': b'  \n'}
[2.653768] (rr_description) StderrLine: {'line': b'\n'}
[2.653976] (rr_description) StderrLine: {'line': b'  Traceback (most recent call last):\n'}
[2.654189] (rr_description) StderrLine: {'line': b'\n'}
[2.654385] (rr_description) StderrLine: {'line': b'    File "/opt/ros/humble/local/lib/python3.10/dist-packages/xacro/__init__.py", line 1092, in _process\n'}
[2.654587] (rr_description) StderrLine: {'line': b'      doc = process_file(input_file_name, **opts)\n'}
[2.654791] (rr_description) StderrLine: {'line': b'    File "/opt/ros/humble/local/lib/python3.10/dist-packages/xacro/__init__.py", line 1072, in process_file\n'}
[2.654999] (rr_description) StderrLine: {'line': b'      doc = parse(None, input_file_name)\n'}
[2.655204] (rr_description) StderrLine: {'line': b'    File "/opt/ros/humble/local/lib/python3.10/dist-packages/xacro/__init__.py", line 988, in parse\n'}
[2.655401] (rr_description) StderrLine: {'line': b'      raise XacroException(e.strerror + ": " + e.filename, exc=e)\n'}
[2.655597] (rr_description) StderrLine: {'line': b'\n'}
[2.655871] (rr_description) StderrLine: {'line': b'  xacro.XacroException: No such file or directory:\n'}
[2.656119] (rr_description) StderrLine: {'line': b'  urdf/opponents/evgp_opponent_4.urdf.xacro [Errno 2] No such file or\n'}
[2.656326] (rr_description) StderrLine: {'line': b"  directory: 'urdf/opponents/evgp_opponent_4.urdf.xacro'\n"}
[2.656528] (rr_description) StderrLine: {'line': b'\n'}
[2.656728] (rr_description) StderrLine: {'line': b'  \n'}
[2.656921] (rr_description) StderrLine: {'line': b'\n'}
[2.657116] (rr_description) StderrLine: {'line': b'  During handling of the above exception, another exception occurred:\n'}
[2.657309] (rr_description) StderrLine: {'line': b'\n'}
[2.657513] (rr_description) StderrLine: {'line': b'  \n'}
[2.657703] (rr_description) StderrLine: {'line': b'\n'}
[2.657892] (rr_description) StderrLine: {'line': b'  Traceback (most recent call last):\n'}
[2.658094] (rr_description) StderrLine: {'line': b'\n'}
[2.658290] (rr_description) StderrLine: {'line': b'    File "/opt/ros/humble/bin/xacro", line 33, in <module>\n'}
[2.658483] (rr_description) StderrLine: {'line': b'      xacro.main()\n'}
[2.658675] (rr_description) StderrLine: {'line': b'    File "/opt/ros/humble/local/lib/python3.10/dist-packages/xacro/__init__.py", line 1145, in main\n'}
[2.658874] (rr_description) StderrLine: {'line': b'      _process(input_file_name, vars(opts))\n'}
[2.659097] (rr_description) StderrLine: {'line': b'    File "/opt/ros/humble/local/lib/python3.10/dist-packages/xacro/__init__.py", line 1097, in _process\n'}
[2.659289] (rr_description) StderrLine: {'line': b'      except xml.parsers.expat.ExpatError as e:\n'}
[2.659487] (rr_description) StderrLine: {'line': b'\n'}
[2.659684] (rr_description) StderrLine: {'line': b"  AttributeError: module 'xml' has no attribute 'parsers'\n"}
[2.659888] (rr_description) StderrLine: {'line': b'\n'}
[2.660076] (rr_description) StderrLine: {'line': b'Call Stack (most recent call first):\n'}
[2.660290] (rr_description) StderrLine: {'line': b'  /opt/ros/humble/share/xacro/cmake/xacro-extras.cmake:133 (xacro_add_xacro_file)\n'}
[2.660481] (rr_description) StderrLine: {'line': b'  CMakeLists.txt:11 (xacro_add_files)\n'}
[2.660669] (rr_description) StderrLine: {'line': b'\n'}
[2.660879] (rr_description) StderrLine: {'line': b'\x1b[0m\n'}
[2.661081] (rr_description) StdoutLine: {'line': b'-- xacro: determining deps for: urdf/rigatoni.urdf.xacro ...\n'}
[2.709633] (-) TimerEvent: {}
[2.713995] (rr_msgs) StdoutLine: {'line': b'-- Using all available rosidl_typesupport_c: rosidl_typesupport_fastrtps_c;rosidl_typesupport_introspection_c\n'}
[2.759929] (rr_description) StderrLine: {'line': b'\x1b[33mCMake Warning at /opt/ros/humble/share/xacro/cmake/xacro-extras.cmake:74 (message):\n'}
[2.760175] (rr_description) StderrLine: {'line': b'  failed to determine deps for: urdf/rigatoni.urdf.xacro\n'}
[2.760353] (rr_description) StderrLine: {'line': b'\n'}
[2.760508] (rr_description) StderrLine: {'line': b'  error: package not found: "package \'rr_description\' not found, searching:\n'}
[2.760613] (rr_description) StderrLine: {'line': b'  [\'/opt/ros/humble\']"\n'}
[2.760936] (rr_description) StderrLine: {'line': b'\n'}
[2.761170] (rr_description) StderrLine: {'line': b'  when instantiating macro: mesh_geometry (urdf/rigatoni.urdf.xacro)\n'}
[2.761375] (rr_description) StderrLine: {'line': b'\n'}
[2.761571] (rr_description) StderrLine: {'line': b'  instantiated from: evgp_body (urdf/rigatoni.urdf.xacro)\n'}
[2.761756] (rr_description) StderrLine: {'line': b'\n'}
[2.761939] (rr_description) StderrLine: {'line': b'  in file: urdf/rigatoni.urdf.xacro\n'}
[2.762121] (rr_description) StderrLine: {'line': b'\n'}
[2.762304] (rr_description) StderrLine: {'line': b'Call Stack (most recent call first):\n'}
[2.762485] (rr_description) StderrLine: {'line': b'  /opt/ros/humble/share/xacro/cmake/xacro-extras.cmake:133 (xacro_add_xacro_file)\n'}
[2.762669] (rr_description) StderrLine: {'line': b'  CMakeLists.txt:11 (xacro_add_files)\n'}
[2.762853] (rr_description) StderrLine: {'line': b'\n'}
[2.763034] (rr_description) StderrLine: {'line': b'\x1b[0m\n'}
[2.763216] (rr_description) StderrLine: {'line': b'\x1b[31mCMake Error at /opt/ros/humble/share/ament_cmake_core/cmake/core/assert_file_exists.cmake:20 (message):\n'}
[2.763401] (rr_description) StderrLine: {'line': b'  ament_environment_hooks() the passed hook file\n'}
[2.763583] (rr_description) StderrLine: {'line': b"  '/home/isaac/roboracing_ws/src/roboracing-software/rr_description/env-hooks/rr_description.dsv.in'\n"}
[2.763786] (rr_description) StderrLine: {'line': b'  does not exist\n'}
[2.763972] (rr_description) StderrLine: {'line': b'Call Stack (most recent call first):\n'}
[2.764165] (rr_description) StderrLine: {'line': b'  /opt/ros/humble/share/ament_cmake_core/cmake/environment_hooks/ament_environment_hooks.cmake:35 (assert_file_exists)\n'}
[2.764348] (rr_description) StderrLine: {'line': b'  CMakeLists.txt:38 (ament_environment_hooks)\n'}
[2.764531] (rr_description) StderrLine: {'line': b'\n'}
[2.764712] (rr_description) StderrLine: {'line': b'\x1b[0m\n'}
[2.764894] (rr_description) StdoutLine: {'line': b'-- Configuring incomplete, errors occurred!\n'}
[2.765083] (rr_description) StdoutLine: {'line': b'See also "/home/isaac/roboracing_ws/src/roboracing-software/build/rr_description/CMakeFiles/CMakeOutput.log".\n'}
[2.768858] (rr_description) CommandEnded: {'returncode': 1}
[2.792675] (rr_description) JobEnded: {'identifier': 'rr_description', 'rc': 1}
[2.809766] (-) TimerEvent: {}
[2.910104] (-) TimerEvent: {}
[3.010431] (-) TimerEvent: {}
[3.110776] (-) TimerEvent: {}
[3.182103] (rr_msgs) StdoutLine: {'line': b'-- Using all available rosidl_typesupport_cpp: rosidl_typesupport_fastrtps_cpp;rosidl_typesupport_introspection_cpp\n'}
[3.210907] (-) TimerEvent: {}
[3.216145] (rr_msgs) StdoutLine: {'line': b'-- Found PythonInterp: /usr/bin/python3 (found suitable version "3.10.6", minimum required is "3.6") \n'}
[3.218391] (rr_msgs) StdoutLine: {'line': b'-- Found python_cmake_module: 0.10.0 (/opt/ros/humble/share/python_cmake_module/cmake)\n'}
[3.257039] (rr_msgs) StdoutLine: {'line': b'-- Found PythonLibs: /usr/lib/x86_64-linux-gnu/libpython3.10.so (found suitable version "3.10.6", minimum required is "3.5") \n'}
[3.257452] (rr_msgs) StdoutLine: {'line': b'-- Using PYTHON_EXECUTABLE: /usr/bin/python3\n'}
[3.257669] (rr_msgs) StdoutLine: {'line': b'-- Using PYTHON_INCLUDE_DIRS: /usr/include/python3.10\n'}
[3.257883] (rr_msgs) StdoutLine: {'line': b'-- Using PYTHON_LIBRARIES: /usr/lib/x86_64-linux-gnu/libpython3.10.so\n'}
[3.289160] (rr_msgs) StdoutLine: {'line': b'-- Found PythonExtra: .so  \n'}
[3.311016] (-) TimerEvent: {}
[3.371269] (rr_msgs) StdoutLine: {'line': b'-- Configuring done\n'}
[3.411118] (-) TimerEvent: {}
[3.451285] (rr_msgs) StdoutLine: {'line': b'-- Generating done\n'}
[3.457024] (rr_msgs) StdoutLine: {'line': b'-- Build files have been written to: /home/isaac/roboracing_ws/src/roboracing-software/build/rr_msgs\n'}
[3.465639] (rr_msgs) JobEnded: {'identifier': 'rr_msgs', 'rc': 'SIGINT'}
[3.476516] (rr_gazebo) JobSkipped: {'identifier': 'rr_gazebo'}
[3.476615] (rr_util) JobSkipped: {'identifier': 'rr_util'}
[3.476690] (-) EventReactorShutdown: {}
